{"D:\\SOA\\CompetiQuest\\server\\Controllers\\AdminControllers.js": {"path":"D:\\SOA\\CompetiQuest\\server\\Controllers\\AdminControllers.js","statementMap":{"0":{"start":{"line":9,"column":32},"end":{"line":16,"column":1}},"1":{"start":{"line":10,"column":4},"end":{"line":15,"column":5}},"2":{"start":{"line":11,"column":27},"end":{"line":11,"column":72}},"3":{"start":{"line":12,"column":8},"end":{"line":12,"column":60}},"4":{"start":{"line":14,"column":8},"end":{"line":14,"column":109}},"5":{"start":{"line":19,"column":30},"end":{"line":35,"column":1}},"6":{"start":{"line":20,"column":4},"end":{"line":34,"column":5}},"7":{"start":{"line":21,"column":38},"end":{"line":21,"column":46}},"8":{"start":{"line":23,"column":8},"end":{"line":25,"column":9}},"9":{"start":{"line":24,"column":12},"end":{"line":24,"column":98}},"10":{"start":{"line":27,"column":25},"end":{"line":27,"column":69}},"11":{"start":{"line":28,"column":8},"end":{"line":28,"column":100}},"12":{"start":{"line":30,"column":8},"end":{"line":32,"column":9}},"13":{"start":{"line":31,"column":12},"end":{"line":31,"column":101}},"14":{"start":{"line":33,"column":8},"end":{"line":33,"column":107}},"15":{"start":{"line":38,"column":30},"end":{"line":60,"column":1}},"16":{"start":{"line":39,"column":4},"end":{"line":59,"column":5}},"17":{"start":{"line":40,"column":23},"end":{"line":40,"column":33}},"18":{"start":{"line":41,"column":38},"end":{"line":41,"column":46}},"19":{"start":{"line":43,"column":25},"end":{"line":47,"column":9}},"20":{"start":{"line":49,"column":8},"end":{"line":51,"column":9}},"21":{"start":{"line":50,"column":12},"end":{"line":50,"column":91}},"22":{"start":{"line":53,"column":8},"end":{"line":53,"column":100}},"23":{"start":{"line":55,"column":8},"end":{"line":57,"column":9}},"24":{"start":{"line":56,"column":12},"end":{"line":56,"column":101}},"25":{"start":{"line":58,"column":8},"end":{"line":58,"column":107}},"26":{"start":{"line":63,"column":30},"end":{"line":108,"column":1}},"27":{"start":{"line":64,"column":4},"end":{"line":107,"column":5}},"28":{"start":{"line":65,"column":23},"end":{"line":65,"column":33}},"29":{"start":{"line":67,"column":8},"end":{"line":67,"column":68}},"30":{"start":{"line":70,"column":25},"end":{"line":70,"column":52}},"31":{"start":{"line":71,"column":8},"end":{"line":73,"column":9}},"32":{"start":{"line":72,"column":12},"end":{"line":72,"column":91}},"33":{"start":{"line":75,"column":8},"end":{"line":75,"column":56}},"34":{"start":{"line":78,"column":23},"end":{"line":78,"column":57}},"35":{"start":{"line":79,"column":8},"end":{"line":79,"column":70}},"36":{"start":{"line":82,"column":8},"end":{"line":85,"column":9}},"37":{"start":{"line":83,"column":37},"end":{"line":83,"column":84}},"38":{"start":{"line":84,"column":12},"end":{"line":84,"column":103}},"39":{"start":{"line":88,"column":30},"end":{"line":88,"column":70}},"40":{"start":{"line":89,"column":8},"end":{"line":89,"column":68}},"41":{"start":{"line":92,"column":32},"end":{"line":92,"column":68}},"42":{"start":{"line":93,"column":8},"end":{"line":93,"column":65}},"43":{"start":{"line":95,"column":8},"end":{"line":103,"column":11}},"44":{"start":{"line":101,"column":64},"end":{"line":101,"column":97}},"45":{"start":{"line":105,"column":8},"end":{"line":105,"column":57}},"46":{"start":{"line":106,"column":8},"end":{"line":106,"column":107}},"47":{"start":{"line":113,"column":35},"end":{"line":124,"column":1}},"48":{"start":{"line":114,"column":4},"end":{"line":123,"column":5}},"49":{"start":{"line":115,"column":31},"end":{"line":115,"column":41}},"50":{"start":{"line":116,"column":23},"end":{"line":118,"column":36}},"51":{"start":{"line":120,"column":8},"end":{"line":120,"column":56}},"52":{"start":{"line":122,"column":8},"end":{"line":122,"column":105}},"53":{"start":{"line":127,"column":28},"end":{"line":137,"column":1}},"54":{"start":{"line":128,"column":4},"end":{"line":136,"column":5}},"55":{"start":{"line":129,"column":23},"end":{"line":131,"column":36}},"56":{"start":{"line":133,"column":8},"end":{"line":133,"column":56}},"57":{"start":{"line":135,"column":8},"end":{"line":135,"column":105}},"58":{"start":{"line":140,"column":27},"end":{"line":158,"column":1}},"59":{"start":{"line":141,"column":4},"end":{"line":157,"column":5}},"60":{"start":{"line":142,"column":58},"end":{"line":142,"column":66}},"61":{"start":{"line":144,"column":8},"end":{"line":146,"column":9}},"62":{"start":{"line":145,"column":12},"end":{"line":145,"column":109}},"63":{"start":{"line":148,"column":22},"end":{"line":148,"column":83}},"64":{"start":{"line":149,"column":8},"end":{"line":149,"column":49}},"65":{"start":{"line":151,"column":8},"end":{"line":151,"column":94}},"66":{"start":{"line":153,"column":8},"end":{"line":155,"column":9}},"67":{"start":{"line":154,"column":12},"end":{"line":154,"column":115}},"68":{"start":{"line":156,"column":8},"end":{"line":156,"column":104}},"69":{"start":{"line":161,"column":27},"end":{"line":183,"column":1}},"70":{"start":{"line":162,"column":4},"end":{"line":182,"column":5}},"71":{"start":{"line":163,"column":23},"end":{"line":163,"column":33}},"72":{"start":{"line":164,"column":58},"end":{"line":164,"column":66}},"73":{"start":{"line":166,"column":22},"end":{"line":170,"column":38}},"74":{"start":{"line":172,"column":8},"end":{"line":174,"column":9}},"75":{"start":{"line":173,"column":12},"end":{"line":173,"column":88}},"76":{"start":{"line":176,"column":8},"end":{"line":176,"column":94}},"77":{"start":{"line":178,"column":8},"end":{"line":180,"column":9}},"78":{"start":{"line":179,"column":12},"end":{"line":179,"column":115}},"79":{"start":{"line":181,"column":8},"end":{"line":181,"column":104}},"80":{"start":{"line":186,"column":27},"end":{"line":208,"column":1}},"81":{"start":{"line":187,"column":4},"end":{"line":207,"column":5}},"82":{"start":{"line":188,"column":23},"end":{"line":188,"column":33}},"83":{"start":{"line":191,"column":31},"end":{"line":191,"column":75}},"84":{"start":{"line":192,"column":8},"end":{"line":197,"column":9}},"85":{"start":{"line":193,"column":12},"end":{"line":196,"column":15}},"86":{"start":{"line":199,"column":22},"end":{"line":199,"column":55}},"87":{"start":{"line":200,"column":8},"end":{"line":202,"column":9}},"88":{"start":{"line":201,"column":12},"end":{"line":201,"column":88}},"89":{"start":{"line":204,"column":8},"end":{"line":204,"column":87}},"90":{"start":{"line":206,"column":8},"end":{"line":206,"column":104}},"91":{"start":{"line":213,"column":35},"end":{"line":239,"column":1}},"92":{"start":{"line":214,"column":4},"end":{"line":238,"column":5}},"93":{"start":{"line":215,"column":28},"end":{"line":215,"column":38}},"94":{"start":{"line":216,"column":41},"end":{"line":216,"column":50}},"95":{"start":{"line":218,"column":26},"end":{"line":222,"column":37}},"96":{"start":{"line":224,"column":22},"end":{"line":224,"column":71}},"97":{"start":{"line":226,"column":8},"end":{"line":235,"column":11}},"98":{"start":{"line":237,"column":8},"end":{"line":237,"column":108}},"99":{"start":{"line":242,"column":31},"end":{"line":274,"column":1}},"100":{"start":{"line":243,"column":4},"end":{"line":273,"column":5}},"101":{"start":{"line":244,"column":41},"end":{"line":244,"column":50}},"102":{"start":{"line":246,"column":26},"end":{"line":257,"column":37}},"103":{"start":{"line":259,"column":22},"end":{"line":259,"column":53}},"104":{"start":{"line":261,"column":8},"end":{"line":270,"column":11}},"105":{"start":{"line":272,"column":8},"end":{"line":272,"column":108}},"106":{"start":{"line":277,"column":30},"end":{"line":320,"column":1}},"107":{"start":{"line":278,"column":4},"end":{"line":319,"column":5}},"108":{"start":{"line":279,"column":94},"end":{"line":279,"column":102}},"109":{"start":{"line":281,"column":8},"end":{"line":286,"column":9}},"110":{"start":{"line":282,"column":12},"end":{"line":285,"column":15}},"111":{"start":{"line":288,"column":8},"end":{"line":293,"column":9}},"112":{"start":{"line":289,"column":12},"end":{"line":292,"column":15}},"113":{"start":{"line":295,"column":8},"end":{"line":300,"column":9}},"114":{"start":{"line":296,"column":12},"end":{"line":299,"column":15}},"115":{"start":{"line":302,"column":25},"end":{"line":309,"column":10}},"116":{"start":{"line":311,"column":8},"end":{"line":311,"column":49}},"117":{"start":{"line":313,"column":8},"end":{"line":313,"column":100}},"118":{"start":{"line":315,"column":8},"end":{"line":317,"column":9}},"119":{"start":{"line":316,"column":12},"end":{"line":316,"column":96}},"120":{"start":{"line":318,"column":8},"end":{"line":318,"column":107}},"121":{"start":{"line":323,"column":30},"end":{"line":359,"column":1}},"122":{"start":{"line":324,"column":4},"end":{"line":358,"column":5}},"123":{"start":{"line":325,"column":23},"end":{"line":325,"column":33}},"124":{"start":{"line":326,"column":94},"end":{"line":326,"column":102}},"125":{"start":{"line":328,"column":8},"end":{"line":333,"column":9}},"126":{"start":{"line":329,"column":12},"end":{"line":332,"column":15}},"127":{"start":{"line":335,"column":8},"end":{"line":340,"column":9}},"128":{"start":{"line":336,"column":12},"end":{"line":339,"column":15}},"129":{"start":{"line":342,"column":25},"end":{"line":346,"column":35}},"130":{"start":{"line":348,"column":8},"end":{"line":350,"column":9}},"131":{"start":{"line":349,"column":12},"end":{"line":349,"column":91}},"132":{"start":{"line":352,"column":8},"end":{"line":352,"column":100}},"133":{"start":{"line":354,"column":8},"end":{"line":356,"column":9}},"134":{"start":{"line":355,"column":12},"end":{"line":355,"column":96}},"135":{"start":{"line":357,"column":8},"end":{"line":357,"column":107}},"136":{"start":{"line":362,"column":30},"end":{"line":375,"column":1}},"137":{"start":{"line":363,"column":4},"end":{"line":374,"column":5}},"138":{"start":{"line":364,"column":23},"end":{"line":364,"column":33}},"139":{"start":{"line":366,"column":25},"end":{"line":366,"column":61}},"140":{"start":{"line":367,"column":8},"end":{"line":369,"column":9}},"141":{"start":{"line":368,"column":12},"end":{"line":368,"column":91}},"142":{"start":{"line":371,"column":8},"end":{"line":371,"column":90}},"143":{"start":{"line":373,"column":8},"end":{"line":373,"column":107}},"144":{"start":{"line":380,"column":33},"end":{"line":410,"column":1}},"145":{"start":{"line":381,"column":4},"end":{"line":409,"column":5}},"146":{"start":{"line":382,"column":75},"end":{"line":387,"column":10}},"147":{"start":{"line":389,"column":33},"end":{"line":389,"column":87}},"148":{"start":{"line":390,"column":29},"end":{"line":390,"column":109}},"149":{"start":{"line":391,"column":32},"end":{"line":391,"column":112}},"150":{"start":{"line":393,"column":8},"end":{"line":406,"column":11}},"151":{"start":{"line":408,"column":8},"end":{"line":408,"column":114}}},"fnMap":{"0":{"name":"(anonymous_0)","decl":{"start":{"line":9,"column":32},"end":{"line":9,"column":33}},"loc":{"start":{"line":9,"column":52},"end":{"line":16,"column":1}},"line":9},"1":{"name":"(anonymous_1)","decl":{"start":{"line":19,"column":30},"end":{"line":19,"column":31}},"loc":{"start":{"line":19,"column":50},"end":{"line":35,"column":1}},"line":19},"2":{"name":"(anonymous_2)","decl":{"start":{"line":38,"column":30},"end":{"line":38,"column":31}},"loc":{"start":{"line":38,"column":50},"end":{"line":60,"column":1}},"line":38},"3":{"name":"(anonymous_3)","decl":{"start":{"line":63,"column":30},"end":{"line":63,"column":31}},"loc":{"start":{"line":63,"column":50},"end":{"line":108,"column":1}},"line":63},"4":{"name":"(anonymous_4)","decl":{"start":{"line":101,"column":48},"end":{"line":101,"column":49}},"loc":{"start":{"line":101,"column":64},"end":{"line":101,"column":97}},"line":101},"5":{"name":"(anonymous_5)","decl":{"start":{"line":113,"column":35},"end":{"line":113,"column":36}},"loc":{"start":{"line":113,"column":55},"end":{"line":124,"column":1}},"line":113},"6":{"name":"(anonymous_6)","decl":{"start":{"line":127,"column":28},"end":{"line":127,"column":29}},"loc":{"start":{"line":127,"column":48},"end":{"line":137,"column":1}},"line":127},"7":{"name":"(anonymous_7)","decl":{"start":{"line":140,"column":27},"end":{"line":140,"column":28}},"loc":{"start":{"line":140,"column":47},"end":{"line":158,"column":1}},"line":140},"8":{"name":"(anonymous_8)","decl":{"start":{"line":161,"column":27},"end":{"line":161,"column":28}},"loc":{"start":{"line":161,"column":47},"end":{"line":183,"column":1}},"line":161},"9":{"name":"(anonymous_9)","decl":{"start":{"line":186,"column":27},"end":{"line":186,"column":28}},"loc":{"start":{"line":186,"column":47},"end":{"line":208,"column":1}},"line":186},"10":{"name":"(anonymous_10)","decl":{"start":{"line":213,"column":35},"end":{"line":213,"column":36}},"loc":{"start":{"line":213,"column":55},"end":{"line":239,"column":1}},"line":213},"11":{"name":"(anonymous_11)","decl":{"start":{"line":242,"column":31},"end":{"line":242,"column":32}},"loc":{"start":{"line":242,"column":51},"end":{"line":274,"column":1}},"line":242},"12":{"name":"(anonymous_12)","decl":{"start":{"line":277,"column":30},"end":{"line":277,"column":31}},"loc":{"start":{"line":277,"column":50},"end":{"line":320,"column":1}},"line":277},"13":{"name":"(anonymous_13)","decl":{"start":{"line":323,"column":30},"end":{"line":323,"column":31}},"loc":{"start":{"line":323,"column":50},"end":{"line":359,"column":1}},"line":323},"14":{"name":"(anonymous_14)","decl":{"start":{"line":362,"column":30},"end":{"line":362,"column":31}},"loc":{"start":{"line":362,"column":50},"end":{"line":375,"column":1}},"line":362},"15":{"name":"(anonymous_15)","decl":{"start":{"line":380,"column":33},"end":{"line":380,"column":34}},"loc":{"start":{"line":380,"column":53},"end":{"line":410,"column":1}},"line":380}},"branchMap":{"0":{"loc":{"start":{"line":23,"column":8},"end":{"line":25,"column":9}},"type":"if","locations":[{"start":{"line":23,"column":8},"end":{"line":25,"column":9}},{"start":{},"end":{}}],"line":23},"1":{"loc":{"start":{"line":30,"column":8},"end":{"line":32,"column":9}},"type":"if","locations":[{"start":{"line":30,"column":8},"end":{"line":32,"column":9}},{"start":{},"end":{}}],"line":30},"2":{"loc":{"start":{"line":49,"column":8},"end":{"line":51,"column":9}},"type":"if","locations":[{"start":{"line":49,"column":8},"end":{"line":51,"column":9}},{"start":{},"end":{}}],"line":49},"3":{"loc":{"start":{"line":55,"column":8},"end":{"line":57,"column":9}},"type":"if","locations":[{"start":{"line":55,"column":8},"end":{"line":57,"column":9}},{"start":{},"end":{}}],"line":55},"4":{"loc":{"start":{"line":71,"column":8},"end":{"line":73,"column":9}},"type":"if","locations":[{"start":{"line":71,"column":8},"end":{"line":73,"column":9}},{"start":{},"end":{}}],"line":71},"5":{"loc":{"start":{"line":101,"column":71},"end":{"line":101,"column":96}},"type":"binary-expr","locations":[{"start":{"line":101,"column":71},"end":{"line":101,"column":91}},{"start":{"line":101,"column":95},"end":{"line":101,"column":96}}],"line":101},"6":{"loc":{"start":{"line":144,"column":8},"end":{"line":146,"column":9}},"type":"if","locations":[{"start":{"line":144,"column":8},"end":{"line":146,"column":9}},{"start":{},"end":{}}],"line":144},"7":{"loc":{"start":{"line":144,"column":12},"end":{"line":144,"column":30}},"type":"binary-expr","locations":[{"start":{"line":144,"column":12},"end":{"line":144,"column":17}},{"start":{"line":144,"column":21},"end":{"line":144,"column":30}}],"line":144},"8":{"loc":{"start":{"line":153,"column":8},"end":{"line":155,"column":9}},"type":"if","locations":[{"start":{"line":153,"column":8},"end":{"line":155,"column":9}},{"start":{},"end":{}}],"line":153},"9":{"loc":{"start":{"line":172,"column":8},"end":{"line":174,"column":9}},"type":"if","locations":[{"start":{"line":172,"column":8},"end":{"line":174,"column":9}},{"start":{},"end":{}}],"line":172},"10":{"loc":{"start":{"line":178,"column":8},"end":{"line":180,"column":9}},"type":"if","locations":[{"start":{"line":178,"column":8},"end":{"line":180,"column":9}},{"start":{},"end":{}}],"line":178},"11":{"loc":{"start":{"line":192,"column":8},"end":{"line":197,"column":9}},"type":"if","locations":[{"start":{"line":192,"column":8},"end":{"line":197,"column":9}},{"start":{},"end":{}}],"line":192},"12":{"loc":{"start":{"line":200,"column":8},"end":{"line":202,"column":9}},"type":"if","locations":[{"start":{"line":200,"column":8},"end":{"line":202,"column":9}},{"start":{},"end":{}}],"line":200},"13":{"loc":{"start":{"line":216,"column":16},"end":{"line":216,"column":24}},"type":"default-arg","locations":[{"start":{"line":216,"column":23},"end":{"line":216,"column":24}}],"line":216},"14":{"loc":{"start":{"line":216,"column":26},"end":{"line":216,"column":36}},"type":"default-arg","locations":[{"start":{"line":216,"column":34},"end":{"line":216,"column":36}}],"line":216},"15":{"loc":{"start":{"line":244,"column":16},"end":{"line":244,"column":24}},"type":"default-arg","locations":[{"start":{"line":244,"column":23},"end":{"line":244,"column":24}}],"line":244},"16":{"loc":{"start":{"line":244,"column":26},"end":{"line":244,"column":36}},"type":"default-arg","locations":[{"start":{"line":244,"column":34},"end":{"line":244,"column":36}}],"line":244},"17":{"loc":{"start":{"line":281,"column":8},"end":{"line":286,"column":9}},"type":"if","locations":[{"start":{"line":281,"column":8},"end":{"line":286,"column":9}},{"start":{},"end":{}}],"line":281},"18":{"loc":{"start":{"line":281,"column":12},"end":{"line":281,"column":83}},"type":"binary-expr","locations":[{"start":{"line":281,"column":12},"end":{"line":281,"column":25}},{"start":{"line":281,"column":29},"end":{"line":281,"column":37}},{"start":{"line":281,"column":41},"end":{"line":281,"column":73}},{"start":{"line":281,"column":77},"end":{"line":281,"column":83}}],"line":281},"19":{"loc":{"start":{"line":288,"column":8},"end":{"line":293,"column":9}},"type":"if","locations":[{"start":{"line":288,"column":8},"end":{"line":293,"column":9}},{"start":{},"end":{}}],"line":288},"20":{"loc":{"start":{"line":288,"column":12},"end":{"line":288,"column":57}},"type":"binary-expr","locations":[{"start":{"line":288,"column":12},"end":{"line":288,"column":35}},{"start":{"line":288,"column":39},"end":{"line":288,"column":57}}],"line":288},"21":{"loc":{"start":{"line":295,"column":8},"end":{"line":300,"column":9}},"type":"if","locations":[{"start":{"line":295,"column":8},"end":{"line":300,"column":9}},{"start":{},"end":{}}],"line":295},"22":{"loc":{"start":{"line":295,"column":12},"end":{"line":295,"column":74}},"type":"binary-expr","locations":[{"start":{"line":295,"column":12},"end":{"line":295,"column":34}},{"start":{"line":295,"column":38},"end":{"line":295,"column":74}}],"line":295},"23":{"loc":{"start":{"line":315,"column":8},"end":{"line":317,"column":9}},"type":"if","locations":[{"start":{"line":315,"column":8},"end":{"line":317,"column":9}},{"start":{},"end":{}}],"line":315},"24":{"loc":{"start":{"line":328,"column":8},"end":{"line":333,"column":9}},"type":"if","locations":[{"start":{"line":328,"column":8},"end":{"line":333,"column":9}},{"start":{},"end":{}}],"line":328},"25":{"loc":{"start":{"line":328,"column":12},"end":{"line":328,"column":70}},"type":"binary-expr","locations":[{"start":{"line":328,"column":12},"end":{"line":328,"column":19}},{"start":{"line":328,"column":24},"end":{"line":328,"column":47}},{"start":{"line":328,"column":51},"end":{"line":328,"column":69}}],"line":328},"26":{"loc":{"start":{"line":335,"column":8},"end":{"line":340,"column":9}},"type":"if","locations":[{"start":{"line":335,"column":8},"end":{"line":340,"column":9}},{"start":{},"end":{}}],"line":335},"27":{"loc":{"start":{"line":335,"column":12},"end":{"line":335,"column":123}},"type":"binary-expr","locations":[{"start":{"line":335,"column":12},"end":{"line":335,"column":44}},{"start":{"line":335,"column":48},"end":{"line":335,"column":55}},{"start":{"line":335,"column":60},"end":{"line":335,"column":82}},{"start":{"line":335,"column":86},"end":{"line":335,"column":122}}],"line":335},"28":{"loc":{"start":{"line":348,"column":8},"end":{"line":350,"column":9}},"type":"if","locations":[{"start":{"line":348,"column":8},"end":{"line":350,"column":9}},{"start":{},"end":{}}],"line":348},"29":{"loc":{"start":{"line":354,"column":8},"end":{"line":356,"column":9}},"type":"if","locations":[{"start":{"line":354,"column":8},"end":{"line":356,"column":9}},{"start":{},"end":{}}],"line":354},"30":{"loc":{"start":{"line":367,"column":8},"end":{"line":369,"column":9}},"type":"if","locations":[{"start":{"line":367,"column":8},"end":{"line":369,"column":9}},{"start":{},"end":{}}],"line":367}},"s":{"0":0,"1":0,"2":0,"3":0,"4":0,"5":0,"6":0,"7":0,"8":0,"9":0,"10":0,"11":0,"12":0,"13":0,"14":0,"15":0,"16":0,"17":0,"18":0,"19":0,"20":0,"21":0,"22":0,"23":0,"24":0,"25":0,"26":0,"27":0,"28":0,"29":0,"30":0,"31":0,"32":0,"33":0,"34":0,"35":0,"36":0,"37":0,"38":0,"39":0,"40":0,"41":0,"42":0,"43":0,"44":0,"45":0,"46":0,"47":0,"48":0,"49":0,"50":0,"51":0,"52":0,"53":0,"54":0,"55":0,"56":0,"57":0,"58":0,"59":0,"60":0,"61":0,"62":0,"63":0,"64":0,"65":0,"66":0,"67":0,"68":0,"69":0,"70":0,"71":0,"72":0,"73":0,"74":0,"75":0,"76":0,"77":0,"78":0,"79":0,"80":0,"81":0,"82":0,"83":0,"84":0,"85":0,"86":0,"87":0,"88":0,"89":0,"90":0,"91":0,"92":0,"93":0,"94":0,"95":0,"96":0,"97":0,"98":0,"99":0,"100":0,"101":0,"102":0,"103":0,"104":0,"105":0,"106":0,"107":0,"108":0,"109":0,"110":0,"111":0,"112":0,"113":0,"114":0,"115":0,"116":0,"117":0,"118":0,"119":0,"120":0,"121":0,"122":0,"123":0,"124":0,"125":0,"126":0,"127":0,"128":0,"129":0,"130":0,"131":0,"132":0,"133":0,"134":0,"135":0,"136":0,"137":0,"138":0,"139":0,"140":0,"141":0,"142":0,"143":0,"144":0,"145":0,"146":0,"147":0,"148":0,"149":0,"150":0,"151":0},"f":{"0":0,"1":0,"2":0,"3":0,"4":0,"5":0,"6":0,"7":0,"8":0,"9":0,"10":0,"11":0,"12":0,"13":0,"14":0,"15":0},"b":{"0":[0,0],"1":[0,0],"2":[0,0],"3":[0,0],"4":[0,0],"5":[0,0],"6":[0,0],"7":[0,0],"8":[0,0],"9":[0,0],"10":[0,0],"11":[0,0],"12":[0,0],"13":[0],"14":[0],"15":[0],"16":[0],"17":[0,0],"18":[0,0,0,0],"19":[0,0],"20":[0,0],"21":[0,0],"22":[0,0],"23":[0,0],"24":[0,0],"25":[0,0,0],"26":[0,0],"27":[0,0,0,0],"28":[0,0],"29":[0,0],"30":[0,0]},"inputSourceMap":null}
,"D:\\SOA\\CompetiQuest\\server\\Controllers\\CategoryControllers.js": {"path":"D:\\SOA\\CompetiQuest\\server\\Controllers\\CategoryControllers.js","statementMap":{"0":{"start":{"line":5,"column":30},"end":{"line":21,"column":1}},"1":{"start":{"line":6,"column":2},"end":{"line":20,"column":3}},"2":{"start":{"line":7,"column":34},"end":{"line":7,"column":42}},"3":{"start":{"line":9,"column":4},"end":{"line":10,"column":76}},"4":{"start":{"line":10,"column":6},"end":{"line":10,"column":76}},"5":{"start":{"line":12,"column":19},"end":{"line":12,"column":51}},"6":{"start":{"line":13,"column":4},"end":{"line":14,"column":74}},"7":{"start":{"line":14,"column":6},"end":{"line":14,"column":74}},"8":{"start":{"line":16,"column":21},"end":{"line":16,"column":65}},"9":{"start":{"line":17,"column":4},"end":{"line":17,"column":35}},"10":{"start":{"line":19,"column":4},"end":{"line":19,"column":76}},"11":{"start":{"line":24,"column":32},"end":{"line":31,"column":1}},"12":{"start":{"line":25,"column":2},"end":{"line":30,"column":3}},"13":{"start":{"line":26,"column":23},"end":{"line":26,"column":44}},"14":{"start":{"line":27,"column":4},"end":{"line":27,"column":37}},"15":{"start":{"line":29,"column":4},"end":{"line":29,"column":76}},"16":{"start":{"line":34,"column":31},"end":{"line":46,"column":1}},"17":{"start":{"line":35,"column":2},"end":{"line":45,"column":3}},"18":{"start":{"line":36,"column":21},"end":{"line":39,"column":5}},"19":{"start":{"line":40,"column":4},"end":{"line":41,"column":69}},"20":{"start":{"line":41,"column":6},"end":{"line":41,"column":69}},"21":{"start":{"line":42,"column":4},"end":{"line":42,"column":35}},"22":{"start":{"line":44,"column":4},"end":{"line":44,"column":76}},"23":{"start":{"line":49,"column":30},"end":{"line":73,"column":1}},"24":{"start":{"line":50,"column":2},"end":{"line":72,"column":3}},"25":{"start":{"line":51,"column":34},"end":{"line":51,"column":42}},"26":{"start":{"line":52,"column":21},"end":{"line":52,"column":59}},"27":{"start":{"line":53,"column":4},"end":{"line":54,"column":69}},"28":{"start":{"line":54,"column":6},"end":{"line":54,"column":69}},"29":{"start":{"line":56,"column":4},"end":{"line":62,"column":5}},"30":{"start":{"line":57,"column":21},"end":{"line":57,"column":53}},"31":{"start":{"line":58,"column":6},"end":{"line":61,"column":61}},"32":{"start":{"line":59,"column":8},"end":{"line":61,"column":61}},"33":{"start":{"line":64,"column":4},"end":{"line":64,"column":42}},"34":{"start":{"line":65,"column":4},"end":{"line":66,"column":69}},"35":{"start":{"line":68,"column":28},"end":{"line":68,"column":49}},"36":{"start":{"line":69,"column":4},"end":{"line":69,"column":42}},"37":{"start":{"line":71,"column":4},"end":{"line":71,"column":76}},"38":{"start":{"line":76,"column":30},"end":{"line":87,"column":1}},"39":{"start":{"line":77,"column":2},"end":{"line":86,"column":3}},"40":{"start":{"line":78,"column":21},"end":{"line":78,"column":59}},"41":{"start":{"line":79,"column":4},"end":{"line":80,"column":69}},"42":{"start":{"line":80,"column":6},"end":{"line":80,"column":69}},"43":{"start":{"line":82,"column":4},"end":{"line":82,"column":52}},"44":{"start":{"line":83,"column":4},"end":{"line":83,"column":71}},"45":{"start":{"line":85,"column":4},"end":{"line":85,"column":76}},"46":{"start":{"line":90,"column":34},"end":{"line":113,"column":1}},"47":{"start":{"line":91,"column":2},"end":{"line":112,"column":3}},"48":{"start":{"line":92,"column":24},"end":{"line":92,"column":32}},"49":{"start":{"line":93,"column":21},"end":{"line":93,"column":59}},"50":{"start":{"line":94,"column":4},"end":{"line":95,"column":69}},"51":{"start":{"line":95,"column":6},"end":{"line":95,"column":69}},"52":{"start":{"line":97,"column":18},"end":{"line":97,"column":47}},"53":{"start":{"line":98,"column":4},"end":{"line":98,"column":76}},"54":{"start":{"line":98,"column":16},"end":{"line":98,"column":76}},"55":{"start":{"line":100,"column":4},"end":{"line":104,"column":5}},"56":{"start":{"line":101,"column":6},"end":{"line":103,"column":68}},"57":{"start":{"line":106,"column":4},"end":{"line":106,"column":34}},"58":{"start":{"line":107,"column":28},"end":{"line":107,"column":49}},"59":{"start":{"line":109,"column":4},"end":{"line":109,"column":42}},"60":{"start":{"line":111,"column":4},"end":{"line":111,"column":76}},"61":{"start":{"line":116,"column":39},"end":{"line":130,"column":1}},"62":{"start":{"line":117,"column":2},"end":{"line":129,"column":3}},"63":{"start":{"line":118,"column":24},"end":{"line":118,"column":32}},"64":{"start":{"line":119,"column":21},"end":{"line":119,"column":59}},"65":{"start":{"line":120,"column":4},"end":{"line":121,"column":69}},"66":{"start":{"line":121,"column":6},"end":{"line":121,"column":69}},"67":{"start":{"line":123,"column":4},"end":{"line":123,"column":80}},"68":{"start":{"line":123,"column":53},"end":{"line":123,"column":78}},"69":{"start":{"line":124,"column":28},"end":{"line":124,"column":49}},"70":{"start":{"line":126,"column":4},"end":{"line":126,"column":42}},"71":{"start":{"line":128,"column":4},"end":{"line":128,"column":76}}},"fnMap":{"0":{"name":"(anonymous_0)","decl":{"start":{"line":5,"column":30},"end":{"line":5,"column":31}},"loc":{"start":{"line":5,"column":50},"end":{"line":21,"column":1}},"line":5},"1":{"name":"(anonymous_1)","decl":{"start":{"line":24,"column":32},"end":{"line":24,"column":33}},"loc":{"start":{"line":24,"column":52},"end":{"line":31,"column":1}},"line":24},"2":{"name":"(anonymous_2)","decl":{"start":{"line":34,"column":31},"end":{"line":34,"column":32}},"loc":{"start":{"line":34,"column":51},"end":{"line":46,"column":1}},"line":34},"3":{"name":"(anonymous_3)","decl":{"start":{"line":49,"column":30},"end":{"line":49,"column":31}},"loc":{"start":{"line":49,"column":50},"end":{"line":73,"column":1}},"line":49},"4":{"name":"(anonymous_4)","decl":{"start":{"line":76,"column":30},"end":{"line":76,"column":31}},"loc":{"start":{"line":76,"column":50},"end":{"line":87,"column":1}},"line":76},"5":{"name":"(anonymous_5)","decl":{"start":{"line":90,"column":34},"end":{"line":90,"column":35}},"loc":{"start":{"line":90,"column":54},"end":{"line":113,"column":1}},"line":90},"6":{"name":"(anonymous_6)","decl":{"start":{"line":116,"column":39},"end":{"line":116,"column":40}},"loc":{"start":{"line":116,"column":59},"end":{"line":130,"column":1}},"line":116},"7":{"name":"(anonymous_7)","decl":{"start":{"line":123,"column":45},"end":{"line":123,"column":46}},"loc":{"start":{"line":123,"column":53},"end":{"line":123,"column":78}},"line":123}},"branchMap":{"0":{"loc":{"start":{"line":9,"column":4},"end":{"line":10,"column":76}},"type":"if","locations":[{"start":{"line":9,"column":4},"end":{"line":10,"column":76}},{"start":{},"end":{}}],"line":9},"1":{"loc":{"start":{"line":13,"column":4},"end":{"line":14,"column":74}},"type":"if","locations":[{"start":{"line":13,"column":4},"end":{"line":14,"column":74}},{"start":{},"end":{}}],"line":13},"2":{"loc":{"start":{"line":40,"column":4},"end":{"line":41,"column":69}},"type":"if","locations":[{"start":{"line":40,"column":4},"end":{"line":41,"column":69}},{"start":{},"end":{}}],"line":40},"3":{"loc":{"start":{"line":53,"column":4},"end":{"line":54,"column":69}},"type":"if","locations":[{"start":{"line":53,"column":4},"end":{"line":54,"column":69}},{"start":{},"end":{}}],"line":53},"4":{"loc":{"start":{"line":56,"column":4},"end":{"line":62,"column":5}},"type":"if","locations":[{"start":{"line":56,"column":4},"end":{"line":62,"column":5}},{"start":{},"end":{}}],"line":56},"5":{"loc":{"start":{"line":56,"column":8},"end":{"line":56,"column":38}},"type":"binary-expr","locations":[{"start":{"line":56,"column":8},"end":{"line":56,"column":12}},{"start":{"line":56,"column":16},"end":{"line":56,"column":38}}],"line":56},"6":{"loc":{"start":{"line":58,"column":6},"end":{"line":61,"column":61}},"type":"if","locations":[{"start":{"line":58,"column":6},"end":{"line":61,"column":61}},{"start":{},"end":{}}],"line":58},"7":{"loc":{"start":{"line":64,"column":20},"end":{"line":64,"column":41}},"type":"binary-expr","locations":[{"start":{"line":64,"column":20},"end":{"line":64,"column":24}},{"start":{"line":64,"column":28},"end":{"line":64,"column":41}}],"line":64},"8":{"loc":{"start":{"line":66,"column":6},"end":{"line":66,"column":68}},"type":"cond-expr","locations":[{"start":{"line":66,"column":34},"end":{"line":66,"column":45}},{"start":{"line":66,"column":48},"end":{"line":66,"column":68}}],"line":66},"9":{"loc":{"start":{"line":79,"column":4},"end":{"line":80,"column":69}},"type":"if","locations":[{"start":{"line":79,"column":4},"end":{"line":80,"column":69}},{"start":{},"end":{}}],"line":79},"10":{"loc":{"start":{"line":94,"column":4},"end":{"line":95,"column":69}},"type":"if","locations":[{"start":{"line":94,"column":4},"end":{"line":95,"column":69}},{"start":{},"end":{}}],"line":94},"11":{"loc":{"start":{"line":98,"column":4},"end":{"line":98,"column":76}},"type":"if","locations":[{"start":{"line":98,"column":4},"end":{"line":98,"column":76}},{"start":{},"end":{}}],"line":98},"12":{"loc":{"start":{"line":100,"column":4},"end":{"line":104,"column":5}},"type":"if","locations":[{"start":{"line":100,"column":4},"end":{"line":104,"column":5}},{"start":{},"end":{}}],"line":100},"13":{"loc":{"start":{"line":120,"column":4},"end":{"line":121,"column":69}},"type":"if","locations":[{"start":{"line":120,"column":4},"end":{"line":121,"column":69}},{"start":{},"end":{}}],"line":120}},"s":{"0":5,"1":4,"2":4,"3":4,"4":1,"5":3,"6":2,"7":1,"8":1,"9":1,"10":1,"11":5,"12":2,"13":2,"14":1,"15":1,"16":5,"17":3,"18":3,"19":2,"20":1,"21":1,"22":1,"23":5,"24":4,"25":4,"26":4,"27":3,"28":1,"29":2,"30":2,"31":2,"32":1,"33":1,"34":1,"35":1,"36":1,"37":1,"38":5,"39":3,"40":3,"41":2,"42":1,"43":1,"44":1,"45":1,"46":5,"47":5,"48":5,"49":5,"50":4,"51":1,"52":3,"53":3,"54":1,"55":2,"56":1,"57":1,"58":1,"59":1,"60":1,"61":5,"62":3,"63":3,"64":3,"65":2,"66":1,"67":1,"68":2,"69":1,"70":1,"71":1},"f":{"0":4,"1":2,"2":3,"3":4,"4":3,"5":5,"6":3,"7":2},"b":{"0":[1,3],"1":[1,1],"2":[1,1],"3":[1,2],"4":[2,0],"5":[2,2],"6":[1,1],"7":[1,0],"8":[1,0],"9":[1,1],"10":[1,3],"11":[1,2],"12":[1,1],"13":[1,1]},"inputSourceMap":null,"_coverageSchema":"1a1c01bbd47fc00a2c39e90264f33305004495a9","hash":"745bde2ae4b3168f1cebf69cdb02535b6f3558f9"}
,"D:\\SOA\\CompetiQuest\\server\\Controllers\\CompanyControllers.js": {"path":"D:\\SOA\\CompetiQuest\\server\\Controllers\\CompanyControllers.js","statementMap":{"0":{"start":{"line":3,"column":29},"end":{"line":26,"column":1}},"1":{"start":{"line":4,"column":4},"end":{"line":25,"column":5}},"2":{"start":{"line":5,"column":47},"end":{"line":5,"column":55}},"3":{"start":{"line":7,"column":8},"end":{"line":9,"column":9}},"4":{"start":{"line":8,"column":12},"end":{"line":8,"column":81}},"5":{"start":{"line":11,"column":30},"end":{"line":11,"column":61}},"6":{"start":{"line":12,"column":8},"end":{"line":14,"column":9}},"7":{"start":{"line":13,"column":12},"end":{"line":13,"column":94}},"8":{"start":{"line":16,"column":24},"end":{"line":20,"column":10}},"9":{"start":{"line":22,"column":8},"end":{"line":22,"column":38}},"10":{"start":{"line":24,"column":8},"end":{"line":24,"column":80}},"11":{"start":{"line":28,"column":31},"end":{"line":59,"column":1}},"12":{"start":{"line":29,"column":4},"end":{"line":58,"column":5}},"13":{"start":{"line":30,"column":49},"end":{"line":30,"column":58}},"14":{"start":{"line":32,"column":20},"end":{"line":32,"column":22}},"15":{"start":{"line":34,"column":8},"end":{"line":41,"column":9}},"16":{"start":{"line":35,"column":12},"end":{"line":40,"column":14}},"17":{"start":{"line":43,"column":26},"end":{"line":46,"column":37}},"18":{"start":{"line":48,"column":22},"end":{"line":48,"column":57}},"19":{"start":{"line":50,"column":8},"end":{"line":55,"column":11}},"20":{"start":{"line":57,"column":8},"end":{"line":57,"column":80}},"21":{"start":{"line":61,"column":30},"end":{"line":73,"column":1}},"22":{"start":{"line":62,"column":4},"end":{"line":72,"column":5}},"23":{"start":{"line":63,"column":24},"end":{"line":63,"column":61}},"24":{"start":{"line":65,"column":8},"end":{"line":67,"column":9}},"25":{"start":{"line":66,"column":12},"end":{"line":66,"column":74}},"26":{"start":{"line":69,"column":8},"end":{"line":69,"column":38}},"27":{"start":{"line":71,"column":8},"end":{"line":71,"column":80}},"28":{"start":{"line":75,"column":29},"end":{"line":101,"column":1}},"29":{"start":{"line":76,"column":4},"end":{"line":100,"column":5}},"30":{"start":{"line":77,"column":47},"end":{"line":77,"column":55}},"31":{"start":{"line":78,"column":24},"end":{"line":78,"column":61}},"32":{"start":{"line":80,"column":8},"end":{"line":82,"column":9}},"33":{"start":{"line":81,"column":12},"end":{"line":81,"column":74}},"34":{"start":{"line":84,"column":8},"end":{"line":89,"column":9}},"35":{"start":{"line":85,"column":31},"end":{"line":85,"column":62}},"36":{"start":{"line":86,"column":12},"end":{"line":88,"column":13}},"37":{"start":{"line":87,"column":16},"end":{"line":87,"column":98}},"38":{"start":{"line":91,"column":8},"end":{"line":91,"column":44}},"39":{"start":{"line":92,"column":8},"end":{"line":92,"column":92}},"40":{"start":{"line":93,"column":8},"end":{"line":93,"column":76}},"41":{"start":{"line":95,"column":31},"end":{"line":95,"column":51}},"42":{"start":{"line":97,"column":8},"end":{"line":97,"column":45}},"43":{"start":{"line":99,"column":8},"end":{"line":99,"column":80}},"44":{"start":{"line":103,"column":29},"end":{"line":116,"column":1}},"45":{"start":{"line":104,"column":4},"end":{"line":115,"column":5}},"46":{"start":{"line":105,"column":24},"end":{"line":105,"column":61}},"47":{"start":{"line":107,"column":8},"end":{"line":109,"column":9}},"48":{"start":{"line":108,"column":12},"end":{"line":108,"column":74}},"49":{"start":{"line":111,"column":8},"end":{"line":111,"column":55}},"50":{"start":{"line":112,"column":8},"end":{"line":112,"column":74}},"51":{"start":{"line":114,"column":8},"end":{"line":114,"column":80}},"52":{"start":{"line":118,"column":31},"end":{"line":134,"column":1}},"53":{"start":{"line":119,"column":4},"end":{"line":133,"column":5}},"54":{"start":{"line":120,"column":22},"end":{"line":120,"column":31}},"55":{"start":{"line":122,"column":8},"end":{"line":124,"column":9}},"56":{"start":{"line":123,"column":12},"end":{"line":123,"column":81}},"57":{"start":{"line":126,"column":26},"end":{"line":128,"column":20}},"58":{"start":{"line":130,"column":8},"end":{"line":130,"column":40}},"59":{"start":{"line":132,"column":8},"end":{"line":132,"column":80}}},"fnMap":{"0":{"name":"(anonymous_0)","decl":{"start":{"line":3,"column":29},"end":{"line":3,"column":30}},"loc":{"start":{"line":3,"column":49},"end":{"line":26,"column":1}},"line":3},"1":{"name":"(anonymous_1)","decl":{"start":{"line":28,"column":31},"end":{"line":28,"column":32}},"loc":{"start":{"line":28,"column":51},"end":{"line":59,"column":1}},"line":28},"2":{"name":"(anonymous_2)","decl":{"start":{"line":61,"column":30},"end":{"line":61,"column":31}},"loc":{"start":{"line":61,"column":50},"end":{"line":73,"column":1}},"line":61},"3":{"name":"(anonymous_3)","decl":{"start":{"line":75,"column":29},"end":{"line":75,"column":30}},"loc":{"start":{"line":75,"column":49},"end":{"line":101,"column":1}},"line":75},"4":{"name":"(anonymous_4)","decl":{"start":{"line":103,"column":29},"end":{"line":103,"column":30}},"loc":{"start":{"line":103,"column":49},"end":{"line":116,"column":1}},"line":103},"5":{"name":"(anonymous_5)","decl":{"start":{"line":118,"column":31},"end":{"line":118,"column":32}},"loc":{"start":{"line":118,"column":51},"end":{"line":134,"column":1}},"line":118}},"branchMap":{"0":{"loc":{"start":{"line":7,"column":8},"end":{"line":9,"column":9}},"type":"if","locations":[{"start":{"line":7,"column":8},"end":{"line":9,"column":9}},{"start":{},"end":{}}],"line":7},"1":{"loc":{"start":{"line":12,"column":8},"end":{"line":14,"column":9}},"type":"if","locations":[{"start":{"line":12,"column":8},"end":{"line":14,"column":9}},{"start":{},"end":{}}],"line":12},"2":{"loc":{"start":{"line":30,"column":16},"end":{"line":30,"column":24}},"type":"default-arg","locations":[{"start":{"line":30,"column":23},"end":{"line":30,"column":24}}],"line":30},"3":{"loc":{"start":{"line":30,"column":26},"end":{"line":30,"column":36}},"type":"default-arg","locations":[{"start":{"line":30,"column":34},"end":{"line":30,"column":36}}],"line":30},"4":{"loc":{"start":{"line":34,"column":8},"end":{"line":41,"column":9}},"type":"if","locations":[{"start":{"line":34,"column":8},"end":{"line":41,"column":9}},{"start":{},"end":{}}],"line":34},"5":{"loc":{"start":{"line":65,"column":8},"end":{"line":67,"column":9}},"type":"if","locations":[{"start":{"line":65,"column":8},"end":{"line":67,"column":9}},{"start":{},"end":{}}],"line":65},"6":{"loc":{"start":{"line":80,"column":8},"end":{"line":82,"column":9}},"type":"if","locations":[{"start":{"line":80,"column":8},"end":{"line":82,"column":9}},{"start":{},"end":{}}],"line":80},"7":{"loc":{"start":{"line":84,"column":8},"end":{"line":89,"column":9}},"type":"if","locations":[{"start":{"line":84,"column":8},"end":{"line":89,"column":9}},{"start":{},"end":{}}],"line":84},"8":{"loc":{"start":{"line":84,"column":12},"end":{"line":84,"column":41}},"type":"binary-expr","locations":[{"start":{"line":84,"column":12},"end":{"line":84,"column":16}},{"start":{"line":84,"column":20},"end":{"line":84,"column":41}}],"line":84},"9":{"loc":{"start":{"line":86,"column":12},"end":{"line":88,"column":13}},"type":"if","locations":[{"start":{"line":86,"column":12},"end":{"line":88,"column":13}},{"start":{},"end":{}}],"line":86},"10":{"loc":{"start":{"line":91,"column":23},"end":{"line":91,"column":43}},"type":"binary-expr","locations":[{"start":{"line":91,"column":23},"end":{"line":91,"column":27}},{"start":{"line":91,"column":31},"end":{"line":91,"column":43}}],"line":91},"11":{"loc":{"start":{"line":92,"column":30},"end":{"line":92,"column":91}},"type":"cond-expr","locations":[{"start":{"line":92,"column":58},"end":{"line":92,"column":69}},{"start":{"line":92,"column":72},"end":{"line":92,"column":91}}],"line":92},"12":{"loc":{"start":{"line":93,"column":26},"end":{"line":93,"column":75}},"type":"cond-expr","locations":[{"start":{"line":93,"column":50},"end":{"line":93,"column":57}},{"start":{"line":93,"column":60},"end":{"line":93,"column":75}}],"line":93},"13":{"loc":{"start":{"line":107,"column":8},"end":{"line":109,"column":9}},"type":"if","locations":[{"start":{"line":107,"column":8},"end":{"line":109,"column":9}},{"start":{},"end":{}}],"line":107},"14":{"loc":{"start":{"line":122,"column":8},"end":{"line":124,"column":9}},"type":"if","locations":[{"start":{"line":122,"column":8},"end":{"line":124,"column":9}},{"start":{},"end":{}}],"line":122}},"s":{"0":4,"1":0,"2":0,"3":0,"4":0,"5":0,"6":0,"7":0,"8":0,"9":0,"10":0,"11":4,"12":0,"13":0,"14":0,"15":0,"16":0,"17":0,"18":0,"19":0,"20":0,"21":4,"22":0,"23":0,"24":0,"25":0,"26":0,"27":0,"28":4,"29":0,"30":0,"31":0,"32":0,"33":0,"34":0,"35":0,"36":0,"37":0,"38":0,"39":0,"40":0,"41":0,"42":0,"43":0,"44":4,"45":0,"46":0,"47":0,"48":0,"49":0,"50":0,"51":0,"52":4,"53":0,"54":0,"55":0,"56":0,"57":0,"58":0,"59":0},"f":{"0":0,"1":0,"2":0,"3":0,"4":0,"5":0},"b":{"0":[0,0],"1":[0,0],"2":[0],"3":[0],"4":[0,0],"5":[0,0],"6":[0,0],"7":[0,0],"8":[0,0],"9":[0,0],"10":[0,0],"11":[0,0],"12":[0,0],"13":[0,0],"14":[0,0]},"inputSourceMap":null,"_coverageSchema":"1a1c01bbd47fc00a2c39e90264f33305004495a9","hash":"a40278375f7670f8f5ccdd666e7c050e989540a7"}
,"D:\\SOA\\CompetiQuest\\server\\Controllers\\QuestionControllers.js": {"path":"D:\\SOA\\CompetiQuest\\server\\Controllers\\QuestionControllers.js","statementMap":{"0":{"start":{"line":5,"column":30},"end":{"line":76,"column":1}},"1":{"start":{"line":6,"column":2},"end":{"line":75,"column":3}},"2":{"start":{"line":15,"column":8},"end":{"line":15,"column":16}},"3":{"start":{"line":18,"column":4},"end":{"line":28,"column":5}},"4":{"start":{"line":24,"column":6},"end":{"line":27,"column":9}},"5":{"start":{"line":31,"column":4},"end":{"line":35,"column":5}},"6":{"start":{"line":32,"column":6},"end":{"line":34,"column":74}},"7":{"start":{"line":37,"column":4},"end":{"line":41,"column":5}},"8":{"start":{"line":38,"column":6},"end":{"line":40,"column":9}},"9":{"start":{"line":45,"column":24},"end":{"line":45,"column":51}},"10":{"start":{"line":46,"column":4},"end":{"line":48,"column":5}},"11":{"start":{"line":47,"column":6},"end":{"line":47,"column":79}},"12":{"start":{"line":51,"column":27},"end":{"line":51,"column":67}},"13":{"start":{"line":52,"column":4},"end":{"line":56,"column":5}},"14":{"start":{"line":53,"column":6},"end":{"line":55,"column":69}},"15":{"start":{"line":59,"column":21},"end":{"line":66,"column":6}},"16":{"start":{"line":68,"column":4},"end":{"line":68,"column":35}},"17":{"start":{"line":71,"column":4},"end":{"line":73,"column":5}},"18":{"start":{"line":72,"column":6},"end":{"line":72,"column":74}},"19":{"start":{"line":74,"column":4},"end":{"line":74,"column":76}},"20":{"start":{"line":79,"column":31},"end":{"line":115,"column":1}},"21":{"start":{"line":80,"column":2},"end":{"line":114,"column":3}},"22":{"start":{"line":89,"column":8},"end":{"line":89,"column":17}},"23":{"start":{"line":90,"column":16},"end":{"line":90,"column":18}},"24":{"start":{"line":92,"column":4},"end":{"line":92,"column":72}},"25":{"start":{"line":92,"column":16},"end":{"line":92,"column":72}},"26":{"start":{"line":93,"column":4},"end":{"line":93,"column":50}},"27":{"start":{"line":93,"column":20},"end":{"line":93,"column":50}},"28":{"start":{"line":94,"column":4},"end":{"line":94,"column":64}},"29":{"start":{"line":94,"column":18},"end":{"line":94,"column":64}},"30":{"start":{"line":96,"column":24},"end":{"line":96,"column":26}},"31":{"start":{"line":97,"column":4},"end":{"line":97,"column":56}},"32":{"start":{"line":99,"column":22},"end":{"line":102,"column":24}},"33":{"start":{"line":104,"column":18},"end":{"line":104,"column":54}},"34":{"start":{"line":106,"column":4},"end":{"line":111,"column":7}},"35":{"start":{"line":113,"column":4},"end":{"line":113,"column":76}},"36":{"start":{"line":118,"column":31},"end":{"line":127,"column":1}},"37":{"start":{"line":119,"column":2},"end":{"line":126,"column":3}},"38":{"start":{"line":120,"column":21},"end":{"line":120,"column":59}},"39":{"start":{"line":121,"column":4},"end":{"line":122,"column":69}},"40":{"start":{"line":122,"column":6},"end":{"line":122,"column":69}},"41":{"start":{"line":123,"column":4},"end":{"line":123,"column":35}},"42":{"start":{"line":125,"column":4},"end":{"line":125,"column":76}},"43":{"start":{"line":181,"column":37},"end":{"line":224,"column":1}},"44":{"start":{"line":182,"column":2},"end":{"line":223,"column":3}},"45":{"start":{"line":183,"column":24},"end":{"line":183,"column":34}},"46":{"start":{"line":184,"column":17},"end":{"line":184,"column":46}},"47":{"start":{"line":185,"column":18},"end":{"line":185,"column":49}},"48":{"start":{"line":188,"column":18},"end":{"line":188,"column":47}},"49":{"start":{"line":189,"column":4},"end":{"line":191,"column":5}},"50":{"start":{"line":190,"column":6},"end":{"line":190,"column":66}},"51":{"start":{"line":194,"column":18},"end":{"line":194,"column":36}},"52":{"start":{"line":196,"column":40},"end":{"line":203,"column":6}},"53":{"start":{"line":206,"column":4},"end":{"line":216,"column":7}},"54":{"start":{"line":218,"column":4},"end":{"line":220,"column":5}},"55":{"start":{"line":219,"column":6},"end":{"line":219,"column":74}},"56":{"start":{"line":221,"column":4},"end":{"line":221,"column":54}},"57":{"start":{"line":222,"column":4},"end":{"line":222,"column":76}},"58":{"start":{"line":227,"column":30},"end":{"line":280,"column":1}},"59":{"start":{"line":228,"column":2},"end":{"line":279,"column":3}},"60":{"start":{"line":235,"column":8},"end":{"line":235,"column":16}},"61":{"start":{"line":236,"column":21},"end":{"line":236,"column":59}},"62":{"start":{"line":237,"column":4},"end":{"line":238,"column":69}},"63":{"start":{"line":238,"column":6},"end":{"line":238,"column":69}},"64":{"start":{"line":240,"column":4},"end":{"line":244,"column":5}},"65":{"start":{"line":241,"column":6},"end":{"line":243,"column":64}},"66":{"start":{"line":246,"column":4},"end":{"line":256,"column":5}},"67":{"start":{"line":247,"column":29},"end":{"line":247,"column":56}},"68":{"start":{"line":248,"column":6},"end":{"line":255,"column":7}},"69":{"start":{"line":252,"column":8},"end":{"line":254,"column":11}},"70":{"start":{"line":258,"column":4},"end":{"line":264,"column":5}},"71":{"start":{"line":259,"column":21},"end":{"line":259,"column":61}},"72":{"start":{"line":260,"column":6},"end":{"line":263,"column":71}},"73":{"start":{"line":261,"column":8},"end":{"line":263,"column":71}},"74":{"start":{"line":266,"column":4},"end":{"line":266,"column":67}},"75":{"start":{"line":267,"column":4},"end":{"line":267,"column":51}},"76":{"start":{"line":268,"column":4},"end":{"line":271,"column":38}},"77":{"start":{"line":272,"column":4},"end":{"line":272,"column":60}},"78":{"start":{"line":273,"column":4},"end":{"line":273,"column":54}},"79":{"start":{"line":275,"column":28},"end":{"line":275,"column":49}},"80":{"start":{"line":276,"column":4},"end":{"line":276,"column":42}},"81":{"start":{"line":278,"column":4},"end":{"line":278,"column":76}},"82":{"start":{"line":283,"column":30},"end":{"line":294,"column":1}},"83":{"start":{"line":284,"column":2},"end":{"line":293,"column":3}},"84":{"start":{"line":285,"column":21},"end":{"line":285,"column":59}},"85":{"start":{"line":286,"column":4},"end":{"line":287,"column":69}},"86":{"start":{"line":287,"column":6},"end":{"line":287,"column":69}},"87":{"start":{"line":289,"column":4},"end":{"line":289,"column":52}},"88":{"start":{"line":290,"column":4},"end":{"line":290,"column":71}},"89":{"start":{"line":292,"column":4},"end":{"line":292,"column":76}},"90":{"start":{"line":297,"column":40},"end":{"line":322,"column":1}},"91":{"start":{"line":298,"column":2},"end":{"line":321,"column":3}},"92":{"start":{"line":299,"column":27},"end":{"line":299,"column":37}},"93":{"start":{"line":300,"column":37},"end":{"line":300,"column":46}},"94":{"start":{"line":302,"column":4},"end":{"line":304,"column":5}},"95":{"start":{"line":303,"column":6},"end":{"line":303,"column":75}},"96":{"start":{"line":306,"column":22},"end":{"line":309,"column":30}},"97":{"start":{"line":311,"column":18},"end":{"line":311,"column":63}},"98":{"start":{"line":313,"column":4},"end":{"line":318,"column":7}},"99":{"start":{"line":320,"column":4},"end":{"line":320,"column":76}},"100":{"start":{"line":325,"column":37},"end":{"line":346,"column":1}},"101":{"start":{"line":326,"column":2},"end":{"line":345,"column":3}},"102":{"start":{"line":327,"column":24},"end":{"line":327,"column":34}},"103":{"start":{"line":328,"column":37},"end":{"line":328,"column":46}},"104":{"start":{"line":330,"column":22},"end":{"line":333,"column":30}},"105":{"start":{"line":335,"column":18},"end":{"line":335,"column":70}},"106":{"start":{"line":337,"column":4},"end":{"line":342,"column":7}},"107":{"start":{"line":344,"column":4},"end":{"line":344,"column":76}},"108":{"start":{"line":349,"column":31},"end":{"line":366,"column":1}},"109":{"start":{"line":350,"column":2},"end":{"line":365,"column":3}},"110":{"start":{"line":351,"column":18},"end":{"line":351,"column":27}},"111":{"start":{"line":352,"column":4},"end":{"line":353,"column":75}},"112":{"start":{"line":353,"column":6},"end":{"line":353,"column":75}},"113":{"start":{"line":355,"column":22},"end":{"line":360,"column":16}},"114":{"start":{"line":362,"column":4},"end":{"line":362,"column":36}},"115":{"start":{"line":364,"column":4},"end":{"line":364,"column":76}},"116":{"start":{"line":369,"column":34},"end":{"line":386,"column":1}},"117":{"start":{"line":370,"column":2},"end":{"line":385,"column":3}},"118":{"start":{"line":371,"column":49},"end":{"line":371,"column":58}},"119":{"start":{"line":372,"column":16},"end":{"line":372,"column":18}},"120":{"start":{"line":374,"column":4},"end":{"line":374,"column":50}},"121":{"start":{"line":374,"column":20},"end":{"line":374,"column":50}},"122":{"start":{"line":375,"column":4},"end":{"line":375,"column":64}},"123":{"start":{"line":375,"column":18},"end":{"line":375,"column":64}},"124":{"start":{"line":377,"column":22},"end":{"line":380,"column":6}},"125":{"start":{"line":382,"column":4},"end":{"line":382,"column":36}},"126":{"start":{"line":384,"column":4},"end":{"line":384,"column":76}}},"fnMap":{"0":{"name":"(anonymous_0)","decl":{"start":{"line":5,"column":30},"end":{"line":5,"column":31}},"loc":{"start":{"line":5,"column":50},"end":{"line":76,"column":1}},"line":5},"1":{"name":"(anonymous_1)","decl":{"start":{"line":79,"column":31},"end":{"line":79,"column":32}},"loc":{"start":{"line":79,"column":51},"end":{"line":115,"column":1}},"line":79},"2":{"name":"(anonymous_2)","decl":{"start":{"line":118,"column":31},"end":{"line":118,"column":32}},"loc":{"start":{"line":118,"column":51},"end":{"line":127,"column":1}},"line":118},"3":{"name":"(anonymous_3)","decl":{"start":{"line":181,"column":37},"end":{"line":181,"column":38}},"loc":{"start":{"line":181,"column":57},"end":{"line":224,"column":1}},"line":181},"4":{"name":"(anonymous_4)","decl":{"start":{"line":227,"column":30},"end":{"line":227,"column":31}},"loc":{"start":{"line":227,"column":50},"end":{"line":280,"column":1}},"line":227},"5":{"name":"(anonymous_5)","decl":{"start":{"line":283,"column":30},"end":{"line":283,"column":31}},"loc":{"start":{"line":283,"column":50},"end":{"line":294,"column":1}},"line":283},"6":{"name":"(anonymous_6)","decl":{"start":{"line":297,"column":40},"end":{"line":297,"column":41}},"loc":{"start":{"line":297,"column":60},"end":{"line":322,"column":1}},"line":297},"7":{"name":"(anonymous_7)","decl":{"start":{"line":325,"column":37},"end":{"line":325,"column":38}},"loc":{"start":{"line":325,"column":57},"end":{"line":346,"column":1}},"line":325},"8":{"name":"(anonymous_8)","decl":{"start":{"line":349,"column":31},"end":{"line":349,"column":32}},"loc":{"start":{"line":349,"column":51},"end":{"line":366,"column":1}},"line":349},"9":{"name":"(anonymous_9)","decl":{"start":{"line":369,"column":34},"end":{"line":369,"column":35}},"loc":{"start":{"line":369,"column":54},"end":{"line":386,"column":1}},"line":369}},"branchMap":{"0":{"loc":{"start":{"line":18,"column":4},"end":{"line":28,"column":5}},"type":"if","locations":[{"start":{"line":18,"column":4},"end":{"line":28,"column":5}},{"start":{},"end":{}}],"line":18},"1":{"loc":{"start":{"line":19,"column":6},"end":{"line":22,"column":12}},"type":"binary-expr","locations":[{"start":{"line":19,"column":6},"end":{"line":19,"column":19}},{"start":{"line":20,"column":6},"end":{"line":20,"column":14}},{"start":{"line":21,"column":6},"end":{"line":21,"column":38}},{"start":{"line":22,"column":6},"end":{"line":22,"column":12}}],"line":19},"2":{"loc":{"start":{"line":31,"column":4},"end":{"line":35,"column":5}},"type":"if","locations":[{"start":{"line":31,"column":4},"end":{"line":35,"column":5}},{"start":{},"end":{}}],"line":31},"3":{"loc":{"start":{"line":31,"column":8},"end":{"line":31,"column":75}},"type":"binary-expr","locations":[{"start":{"line":31,"column":8},"end":{"line":31,"column":31}},{"start":{"line":31,"column":35},"end":{"line":31,"column":53}},{"start":{"line":31,"column":57},"end":{"line":31,"column":75}}],"line":31},"4":{"loc":{"start":{"line":37,"column":4},"end":{"line":41,"column":5}},"type":"if","locations":[{"start":{"line":37,"column":4},"end":{"line":41,"column":5}},{"start":{},"end":{}}],"line":37},"5":{"loc":{"start":{"line":37,"column":8},"end":{"line":37,"column":70}},"type":"binary-expr","locations":[{"start":{"line":37,"column":8},"end":{"line":37,"column":30}},{"start":{"line":37,"column":34},"end":{"line":37,"column":70}}],"line":37},"6":{"loc":{"start":{"line":46,"column":4},"end":{"line":48,"column":5}},"type":"if","locations":[{"start":{"line":46,"column":4},"end":{"line":48,"column":5}},{"start":{},"end":{}}],"line":46},"7":{"loc":{"start":{"line":52,"column":4},"end":{"line":56,"column":5}},"type":"if","locations":[{"start":{"line":52,"column":4},"end":{"line":56,"column":5}},{"start":{},"end":{}}],"line":52},"8":{"loc":{"start":{"line":63,"column":18},"end":{"line":63,"column":40}},"type":"binary-expr","locations":[{"start":{"line":63,"column":18},"end":{"line":63,"column":28}},{"start":{"line":63,"column":32},"end":{"line":63,"column":40}}],"line":63},"9":{"loc":{"start":{"line":65,"column":19},"end":{"line":65,"column":36}},"type":"binary-expr","locations":[{"start":{"line":65,"column":19},"end":{"line":65,"column":30}},{"start":{"line":65,"column":34},"end":{"line":65,"column":36}}],"line":65},"10":{"loc":{"start":{"line":71,"column":4},"end":{"line":73,"column":5}},"type":"if","locations":[{"start":{"line":71,"column":4},"end":{"line":73,"column":5}},{"start":{},"end":{}}],"line":71},"11":{"loc":{"start":{"line":82,"column":6},"end":{"line":82,"column":14}},"type":"default-arg","locations":[{"start":{"line":82,"column":13},"end":{"line":82,"column":14}}],"line":82},"12":{"loc":{"start":{"line":83,"column":6},"end":{"line":83,"column":16}},"type":"default-arg","locations":[{"start":{"line":83,"column":14},"end":{"line":83,"column":16}}],"line":83},"13":{"loc":{"start":{"line":87,"column":6},"end":{"line":87,"column":26}},"type":"default-arg","locations":[{"start":{"line":87,"column":15},"end":{"line":87,"column":26}}],"line":87},"14":{"loc":{"start":{"line":88,"column":6},"end":{"line":88,"column":24}},"type":"default-arg","locations":[{"start":{"line":88,"column":18},"end":{"line":88,"column":24}}],"line":88},"15":{"loc":{"start":{"line":92,"column":4},"end":{"line":92,"column":72}},"type":"if","locations":[{"start":{"line":92,"column":4},"end":{"line":92,"column":72}},{"start":{},"end":{}}],"line":92},"16":{"loc":{"start":{"line":93,"column":4},"end":{"line":93,"column":50}},"type":"if","locations":[{"start":{"line":93,"column":4},"end":{"line":93,"column":50}},{"start":{},"end":{}}],"line":93},"17":{"loc":{"start":{"line":94,"column":4},"end":{"line":94,"column":64}},"type":"if","locations":[{"start":{"line":94,"column":4},"end":{"line":94,"column":64}},{"start":{},"end":{}}],"line":94},"18":{"loc":{"start":{"line":97,"column":26},"end":{"line":97,"column":55}},"type":"cond-expr","locations":[{"start":{"line":97,"column":49},"end":{"line":97,"column":51}},{"start":{"line":97,"column":54},"end":{"line":97,"column":55}}],"line":97},"19":{"loc":{"start":{"line":121,"column":4},"end":{"line":122,"column":69}},"type":"if","locations":[{"start":{"line":121,"column":4},"end":{"line":122,"column":69}},{"start":{},"end":{}}],"line":121},"20":{"loc":{"start":{"line":184,"column":17},"end":{"line":184,"column":46}},"type":"binary-expr","locations":[{"start":{"line":184,"column":17},"end":{"line":184,"column":41}},{"start":{"line":184,"column":45},"end":{"line":184,"column":46}}],"line":184},"21":{"loc":{"start":{"line":185,"column":18},"end":{"line":185,"column":49}},"type":"binary-expr","locations":[{"start":{"line":185,"column":18},"end":{"line":185,"column":43}},{"start":{"line":185,"column":47},"end":{"line":185,"column":49}}],"line":185},"22":{"loc":{"start":{"line":189,"column":4},"end":{"line":191,"column":5}},"type":"if","locations":[{"start":{"line":189,"column":4},"end":{"line":191,"column":5}},{"start":{},"end":{}}],"line":189},"23":{"loc":{"start":{"line":210,"column":21},"end":{"line":210,"column":44}},"type":"binary-expr","locations":[{"start":{"line":210,"column":21},"end":{"line":210,"column":38}},{"start":{"line":210,"column":42},"end":{"line":210,"column":44}}],"line":210},"24":{"loc":{"start":{"line":218,"column":4},"end":{"line":220,"column":5}},"type":"if","locations":[{"start":{"line":218,"column":4},"end":{"line":220,"column":5}},{"start":{},"end":{}}],"line":218},"25":{"loc":{"start":{"line":237,"column":4},"end":{"line":238,"column":69}},"type":"if","locations":[{"start":{"line":237,"column":4},"end":{"line":238,"column":69}},{"start":{},"end":{}}],"line":237},"26":{"loc":{"start":{"line":240,"column":4},"end":{"line":244,"column":5}},"type":"if","locations":[{"start":{"line":240,"column":4},"end":{"line":244,"column":5}},{"start":{},"end":{}}],"line":240},"27":{"loc":{"start":{"line":240,"column":8},"end":{"line":240,"column":37}},"type":"binary-expr","locations":[{"start":{"line":240,"column":8},"end":{"line":240,"column":15}},{"start":{"line":240,"column":19},"end":{"line":240,"column":37}}],"line":240},"28":{"loc":{"start":{"line":246,"column":4},"end":{"line":256,"column":5}},"type":"if","locations":[{"start":{"line":246,"column":4},"end":{"line":256,"column":5}},{"start":{},"end":{}}],"line":246},"29":{"loc":{"start":{"line":247,"column":29},"end":{"line":247,"column":56}},"type":"binary-expr","locations":[{"start":{"line":247,"column":29},"end":{"line":247,"column":36}},{"start":{"line":247,"column":40},"end":{"line":247,"column":56}}],"line":247},"30":{"loc":{"start":{"line":248,"column":6},"end":{"line":255,"column":7}},"type":"if","locations":[{"start":{"line":248,"column":6},"end":{"line":255,"column":7}},{"start":{},"end":{}}],"line":248},"31":{"loc":{"start":{"line":249,"column":8},"end":{"line":250,"column":53}},"type":"binary-expr","locations":[{"start":{"line":249,"column":8},"end":{"line":249,"column":32}},{"start":{"line":250,"column":8},"end":{"line":250,"column":53}}],"line":249},"32":{"loc":{"start":{"line":258,"column":4},"end":{"line":264,"column":5}},"type":"if","locations":[{"start":{"line":258,"column":4},"end":{"line":264,"column":5}},{"start":{},"end":{}}],"line":258},"33":{"loc":{"start":{"line":258,"column":8},"end":{"line":258,"column":62}},"type":"binary-expr","locations":[{"start":{"line":258,"column":8},"end":{"line":258,"column":20}},{"start":{"line":258,"column":24},"end":{"line":258,"column":62}}],"line":258},"34":{"loc":{"start":{"line":260,"column":6},"end":{"line":263,"column":71}},"type":"if","locations":[{"start":{"line":260,"column":6},"end":{"line":263,"column":71}},{"start":{},"end":{}}],"line":260},"35":{"loc":{"start":{"line":266,"column":28},"end":{"line":266,"column":66}},"type":"binary-expr","locations":[{"start":{"line":266,"column":28},"end":{"line":266,"column":41}},{"start":{"line":266,"column":45},"end":{"line":266,"column":66}}],"line":266},"36":{"loc":{"start":{"line":267,"column":23},"end":{"line":267,"column":50}},"type":"binary-expr","locations":[{"start":{"line":267,"column":23},"end":{"line":267,"column":30}},{"start":{"line":267,"column":34},"end":{"line":267,"column":50}}],"line":267},"37":{"loc":{"start":{"line":269,"column":6},"end":{"line":271,"column":37}},"type":"cond-expr","locations":[{"start":{"line":270,"column":10},"end":{"line":270,"column":28}},{"start":{"line":271,"column":10},"end":{"line":271,"column":37}}],"line":269},"38":{"loc":{"start":{"line":272,"column":26},"end":{"line":272,"column":59}},"type":"binary-expr","locations":[{"start":{"line":272,"column":26},"end":{"line":272,"column":36}},{"start":{"line":272,"column":40},"end":{"line":272,"column":59}}],"line":272},"39":{"loc":{"start":{"line":273,"column":24},"end":{"line":273,"column":53}},"type":"binary-expr","locations":[{"start":{"line":273,"column":24},"end":{"line":273,"column":32}},{"start":{"line":273,"column":36},"end":{"line":273,"column":53}}],"line":273},"40":{"loc":{"start":{"line":286,"column":4},"end":{"line":287,"column":69}},"type":"if","locations":[{"start":{"line":286,"column":4},"end":{"line":287,"column":69}},{"start":{},"end":{}}],"line":286},"41":{"loc":{"start":{"line":300,"column":12},"end":{"line":300,"column":20}},"type":"default-arg","locations":[{"start":{"line":300,"column":19},"end":{"line":300,"column":20}}],"line":300},"42":{"loc":{"start":{"line":300,"column":22},"end":{"line":300,"column":32}},"type":"default-arg","locations":[{"start":{"line":300,"column":30},"end":{"line":300,"column":32}}],"line":300},"43":{"loc":{"start":{"line":302,"column":4},"end":{"line":304,"column":5}},"type":"if","locations":[{"start":{"line":302,"column":4},"end":{"line":304,"column":5}},{"start":{},"end":{}}],"line":302},"44":{"loc":{"start":{"line":328,"column":12},"end":{"line":328,"column":20}},"type":"default-arg","locations":[{"start":{"line":328,"column":19},"end":{"line":328,"column":20}}],"line":328},"45":{"loc":{"start":{"line":328,"column":22},"end":{"line":328,"column":32}},"type":"default-arg","locations":[{"start":{"line":328,"column":30},"end":{"line":328,"column":32}}],"line":328},"46":{"loc":{"start":{"line":352,"column":4},"end":{"line":353,"column":75}},"type":"if","locations":[{"start":{"line":352,"column":4},"end":{"line":353,"column":75}},{"start":{},"end":{}}],"line":352},"47":{"loc":{"start":{"line":371,"column":12},"end":{"line":371,"column":22}},"type":"default-arg","locations":[{"start":{"line":371,"column":20},"end":{"line":371,"column":22}}],"line":371},"48":{"loc":{"start":{"line":374,"column":4},"end":{"line":374,"column":50}},"type":"if","locations":[{"start":{"line":374,"column":4},"end":{"line":374,"column":50}},{"start":{},"end":{}}],"line":374},"49":{"loc":{"start":{"line":375,"column":4},"end":{"line":375,"column":64}},"type":"if","locations":[{"start":{"line":375,"column":4},"end":{"line":375,"column":64}},{"start":{},"end":{}}],"line":375}},"s":{"0":5,"1":8,"2":8,"3":8,"4":1,"5":7,"6":1,"7":6,"8":1,"9":5,"10":3,"11":1,"12":2,"13":2,"14":1,"15":1,"16":1,"17":2,"18":1,"19":1,"20":5,"21":3,"22":3,"23":3,"24":3,"25":0,"26":3,"27":1,"28":3,"29":0,"30":3,"31":3,"32":3,"33":2,"34":2,"35":1,"36":5,"37":3,"38":3,"39":2,"40":1,"41":1,"42":1,"43":5,"44":4,"45":4,"46":4,"47":4,"48":4,"49":2,"50":1,"51":1,"52":1,"53":1,"54":2,"55":1,"56":1,"57":1,"58":5,"59":3,"60":3,"61":3,"62":2,"63":1,"64":1,"65":0,"66":1,"67":1,"68":1,"69":0,"70":1,"71":0,"72":0,"73":0,"74":0,"75":0,"76":0,"77":0,"78":0,"79":0,"80":0,"81":2,"82":5,"83":3,"84":3,"85":2,"86":1,"87":1,"88":1,"89":1,"90":5,"91":3,"92":3,"93":3,"94":3,"95":1,"96":2,"97":1,"98":1,"99":1,"100":5,"101":2,"102":2,"103":2,"104":2,"105":1,"106":1,"107":1,"108":5,"109":3,"110":3,"111":3,"112":1,"113":2,"114":1,"115":1,"116":5,"117":2,"118":2,"119":2,"120":2,"121":1,"122":2,"123":0,"124":2,"125":1,"126":1},"f":{"0":8,"1":3,"2":3,"3":4,"4":3,"5":3,"6":3,"7":2,"8":3,"9":2},"b":{"0":[1,7],"1":[8,8,7,7],"2":[1,6],"3":[7,7,6],"4":[1,5],"5":[6,6],"6":[1,2],"7":[1,1],"8":[1,0],"9":[1,0],"10":[1,1],"11":[1],"12":[1],"13":[3],"14":[3],"15":[0,3],"16":[1,2],"17":[0,3],"18":[3,0],"19":[1,1],"20":[4,3],"21":[4,3],"22":[1,1],"23":[1,0],"24":[1,1],"25":[1,1],"26":[0,1],"27":[1,1],"28":[1,0],"29":[1,0],"30":[0,1],"31":[1,1],"32":[0,0],"33":[1,0],"34":[0,0],"35":[0,0],"36":[0,0],"37":[0,0],"38":[0,0],"39":[0,0],"40":[1,1],"41":[2],"42":[2],"43":[1,2],"44":[1],"45":[1],"46":[1,2],"47":[0],"48":[1,1],"49":[0,2]},"inputSourceMap":null,"_coverageSchema":"1a1c01bbd47fc00a2c39e90264f33305004495a9","hash":"f9a455fdbdc3c1347c28f836e73536ba0afdcb2b"}
,"D:\\SOA\\CompetiQuest\\server\\Controllers\\QuizControllers.js": {"path":"D:\\SOA\\CompetiQuest\\server\\Controllers\\QuizControllers.js","statementMap":{"0":{"start":{"line":8,"column":14},"end":{"line":8,"column":109}},"1":{"start":{"line":11,"column":28},"end":{"line":88,"column":1}},"2":{"start":{"line":12,"column":4},"end":{"line":87,"column":5}},"3":{"start":{"line":13,"column":60},"end":{"line":13,"column":68}},"4":{"start":{"line":15,"column":8},"end":{"line":15,"column":100}},"5":{"start":{"line":15,"column":21},"end":{"line":15,"column":100}},"6":{"start":{"line":16,"column":8},"end":{"line":16,"column":98}},"7":{"start":{"line":16,"column":20},"end":{"line":16,"column":98}},"8":{"start":{"line":19,"column":8},"end":{"line":21,"column":9}},"9":{"start":{"line":20,"column":12},"end":{"line":20,"column":94}},"10":{"start":{"line":23,"column":20},"end":{"line":23,"column":56}},"11":{"start":{"line":24,"column":8},"end":{"line":24,"column":34}},"12":{"start":{"line":24,"column":24},"end":{"line":24,"column":34}},"13":{"start":{"line":25,"column":8},"end":{"line":25,"column":35}},"14":{"start":{"line":25,"column":24},"end":{"line":25,"column":35}},"15":{"start":{"line":27,"column":27},"end":{"line":27,"column":60}},"16":{"start":{"line":29,"column":22},"end":{"line":29,"column":77}},"17":{"start":{"line":31,"column":23},"end":{"line":41,"column":95}},"18":{"start":{"line":43,"column":23},"end":{"line":43,"column":58}},"19":{"start":{"line":44,"column":25},"end":{"line":44,"column":46}},"20":{"start":{"line":45,"column":21},"end":{"line":45,"column":36}},"21":{"start":{"line":47,"column":26},"end":{"line":47,"column":81}},"22":{"start":{"line":48,"column":26},"end":{"line":48,"column":49}},"23":{"start":{"line":51,"column":28},"end":{"line":66,"column":10}},"24":{"start":{"line":54,"column":43},"end":{"line":62,"column":13}},"25":{"start":{"line":69,"column":33},"end":{"line":73,"column":11}},"26":{"start":{"line":69,"column":53},"end":{"line":73,"column":9}},"27":{"start":{"line":75,"column":8},"end":{"line":80,"column":11}},"28":{"start":{"line":82,"column":8},"end":{"line":86,"column":11}},"29":{"start":{"line":91,"column":25},"end":{"line":138,"column":1}},"30":{"start":{"line":92,"column":4},"end":{"line":137,"column":5}},"31":{"start":{"line":93,"column":70},"end":{"line":93,"column":78}},"32":{"start":{"line":94,"column":23},"end":{"line":94,"column":34}},"33":{"start":{"line":96,"column":22},"end":{"line":96,"column":51}},"34":{"start":{"line":97,"column":8},"end":{"line":97,"column":80}},"35":{"start":{"line":97,"column":20},"end":{"line":97,"column":80}},"36":{"start":{"line":99,"column":20},"end":{"line":99,"column":22}},"37":{"start":{"line":100,"column":8},"end":{"line":100,"column":54}},"38":{"start":{"line":100,"column":24},"end":{"line":100,"column":54}},"39":{"start":{"line":101,"column":8},"end":{"line":101,"column":80}},"40":{"start":{"line":101,"column":45},"end":{"line":101,"column":80}},"41":{"start":{"line":103,"column":26},"end":{"line":111,"column":10}},"42":{"start":{"line":113,"column":8},"end":{"line":115,"column":9}},"43":{"start":{"line":114,"column":12},"end":{"line":114,"column":103}},"44":{"start":{"line":117,"column":28},"end":{"line":127,"column":10}},"45":{"start":{"line":120,"column":43},"end":{"line":124,"column":13}},"46":{"start":{"line":129,"column":8},"end":{"line":134,"column":11}},"47":{"start":{"line":136,"column":8},"end":{"line":136,"column":80}},"48":{"start":{"line":141,"column":26},"end":{"line":192,"column":1}},"49":{"start":{"line":142,"column":4},"end":{"line":191,"column":5}},"50":{"start":{"line":143,"column":43},"end":{"line":143,"column":51}},"51":{"start":{"line":145,"column":28},"end":{"line":145,"column":69}},"52":{"start":{"line":146,"column":8},"end":{"line":146,"column":109}},"53":{"start":{"line":146,"column":26},"end":{"line":146,"column":109}},"54":{"start":{"line":148,"column":8},"end":{"line":150,"column":9}},"55":{"start":{"line":149,"column":12},"end":{"line":149,"column":95}},"56":{"start":{"line":152,"column":29},"end":{"line":152,"column":30}},"57":{"start":{"line":153,"column":31},"end":{"line":153,"column":59}},"58":{"start":{"line":156,"column":8},"end":{"line":166,"column":9}},"59":{"start":{"line":156,"column":21},"end":{"line":156,"column":22}},"60":{"start":{"line":157,"column":31},"end":{"line":157,"column":41}},"61":{"start":{"line":158,"column":33},"end":{"line":158,"column":57}},"62":{"start":{"line":160,"column":30},"end":{"line":160,"column":107}},"63":{"start":{"line":162,"column":12},"end":{"line":162,"column":75}},"64":{"start":{"line":163,"column":12},"end":{"line":163,"column":48}},"65":{"start":{"line":165,"column":12},"end":{"line":165,"column":44}},"66":{"start":{"line":165,"column":27},"end":{"line":165,"column":44}},"67":{"start":{"line":169,"column":8},"end":{"line":169,"column":43}},"68":{"start":{"line":170,"column":8},"end":{"line":170,"column":73}},"69":{"start":{"line":171,"column":8},"end":{"line":171,"column":41}},"70":{"start":{"line":172,"column":8},"end":{"line":172,"column":46}},"71":{"start":{"line":173,"column":8},"end":{"line":173,"column":33}},"72":{"start":{"line":176,"column":8},"end":{"line":188,"column":11}},"73":{"start":{"line":181,"column":62},"end":{"line":187,"column":13}},"74":{"start":{"line":190,"column":8},"end":{"line":190,"column":80}},"75":{"start":{"line":195,"column":30},"end":{"line":215,"column":1}},"76":{"start":{"line":196,"column":4},"end":{"line":214,"column":5}},"77":{"start":{"line":197,"column":23},"end":{"line":197,"column":33}},"78":{"start":{"line":198,"column":23},"end":{"line":198,"column":34}},"79":{"start":{"line":200,"column":28},"end":{"line":203,"column":46}},"80":{"start":{"line":205,"column":8},"end":{"line":205,"column":93}},"81":{"start":{"line":205,"column":26},"end":{"line":205,"column":93}},"82":{"start":{"line":207,"column":8},"end":{"line":209,"column":9}},"83":{"start":{"line":208,"column":12},"end":{"line":208,"column":99}},"84":{"start":{"line":211,"column":8},"end":{"line":211,"column":42}},"85":{"start":{"line":213,"column":8},"end":{"line":213,"column":80}},"86":{"start":{"line":218,"column":34},"end":{"line":251,"column":1}},"87":{"start":{"line":219,"column":4},"end":{"line":250,"column":5}},"88":{"start":{"line":220,"column":27},"end":{"line":220,"column":37}},"89":{"start":{"line":221,"column":41},"end":{"line":221,"column":50}},"90":{"start":{"line":223,"column":29},"end":{"line":226,"column":37}},"91":{"start":{"line":228,"column":22},"end":{"line":228,"column":72}},"92":{"start":{"line":230,"column":34},"end":{"line":239,"column":11}},"93":{"start":{"line":230,"column":63},"end":{"line":239,"column":9}},"94":{"start":{"line":241,"column":8},"end":{"line":247,"column":11}},"95":{"start":{"line":249,"column":8},"end":{"line":249,"column":80}},"96":{"start":{"line":254,"column":34},"end":{"line":279,"column":1}},"97":{"start":{"line":255,"column":4},"end":{"line":278,"column":5}},"98":{"start":{"line":256,"column":54},"end":{"line":256,"column":63}},"99":{"start":{"line":257,"column":20},"end":{"line":257,"column":22}},"100":{"start":{"line":258,"column":8},"end":{"line":258,"column":36}},"101":{"start":{"line":258,"column":18},"end":{"line":258,"column":36}},"102":{"start":{"line":259,"column":8},"end":{"line":259,"column":39}},"103":{"start":{"line":259,"column":19},"end":{"line":259,"column":39}},"104":{"start":{"line":261,"column":29},"end":{"line":266,"column":37}},"105":{"start":{"line":268,"column":22},"end":{"line":268,"column":61}},"106":{"start":{"line":270,"column":8},"end":{"line":275,"column":11}},"107":{"start":{"line":277,"column":8},"end":{"line":277,"column":80}},"108":{"start":{"line":282,"column":33},"end":{"line":301,"column":1}},"109":{"start":{"line":283,"column":4},"end":{"line":300,"column":5}},"110":{"start":{"line":284,"column":23},"end":{"line":284,"column":33}},"111":{"start":{"line":285,"column":23},"end":{"line":285,"column":34}},"112":{"start":{"line":287,"column":28},"end":{"line":287,"column":58}},"113":{"start":{"line":288,"column":8},"end":{"line":288,"column":93}},"114":{"start":{"line":288,"column":26},"end":{"line":288,"column":93}},"115":{"start":{"line":290,"column":8},"end":{"line":292,"column":9}},"116":{"start":{"line":291,"column":12},"end":{"line":291,"column":99}},"117":{"start":{"line":294,"column":8},"end":{"line":294,"column":48}},"118":{"start":{"line":295,"column":8},"end":{"line":295,"column":78}},"119":{"start":{"line":297,"column":8},"end":{"line":297,"column":79}},"120":{"start":{"line":299,"column":8},"end":{"line":299,"column":80}},"121":{"start":{"line":304,"column":32},"end":{"line":336,"column":1}},"122":{"start":{"line":305,"column":4},"end":{"line":335,"column":5}},"123":{"start":{"line":306,"column":23},"end":{"line":306,"column":34}},"124":{"start":{"line":308,"column":29},"end":{"line":308,"column":69}},"125":{"start":{"line":310,"column":8},"end":{"line":318,"column":9}},"126":{"start":{"line":311,"column":12},"end":{"line":317,"column":15}},"127":{"start":{"line":320,"column":30},"end":{"line":320,"column":49}},"128":{"start":{"line":321,"column":27},"end":{"line":321,"column":88}},"129":{"start":{"line":321,"column":65},"end":{"line":321,"column":84}},"130":{"start":{"line":322,"column":32},"end":{"line":322,"column":98}},"131":{"start":{"line":322,"column":70},"end":{"line":322,"column":94}},"132":{"start":{"line":323,"column":26},"end":{"line":323,"column":81}},"133":{"start":{"line":323,"column":66},"end":{"line":323,"column":79}},"134":{"start":{"line":324,"column":31},"end":{"line":324,"column":91}},"135":{"start":{"line":324,"column":71},"end":{"line":324,"column":89}},"136":{"start":{"line":326,"column":8},"end":{"line":332,"column":11}},"137":{"start":{"line":334,"column":8},"end":{"line":334,"column":80}},"138":{"start":{"line":339,"column":30},"end":{"line":390,"column":1}},"139":{"start":{"line":340,"column":4},"end":{"line":389,"column":5}},"140":{"start":{"line":341,"column":40},"end":{"line":341,"column":49}},"141":{"start":{"line":342,"column":25},"end":{"line":342,"column":27}},"142":{"start":{"line":344,"column":8},"end":{"line":346,"column":9}},"143":{"start":{"line":345,"column":12},"end":{"line":345,"column":39}},"144":{"start":{"line":348,"column":28},"end":{"line":384,"column":10}},"145":{"start":{"line":386,"column":8},"end":{"line":386,"column":42}},"146":{"start":{"line":388,"column":8},"end":{"line":388,"column":80}}},"fnMap":{"0":{"name":"(anonymous_0)","decl":{"start":{"line":11,"column":28},"end":{"line":11,"column":29}},"loc":{"start":{"line":11,"column":48},"end":{"line":88,"column":1}},"line":11},"1":{"name":"(anonymous_1)","decl":{"start":{"line":54,"column":37},"end":{"line":54,"column":38}},"loc":{"start":{"line":54,"column":43},"end":{"line":62,"column":13}},"line":54},"2":{"name":"(anonymous_2)","decl":{"start":{"line":69,"column":47},"end":{"line":69,"column":48}},"loc":{"start":{"line":69,"column":53},"end":{"line":73,"column":9}},"line":69},"3":{"name":"(anonymous_3)","decl":{"start":{"line":91,"column":25},"end":{"line":91,"column":26}},"loc":{"start":{"line":91,"column":45},"end":{"line":138,"column":1}},"line":91},"4":{"name":"(anonymous_4)","decl":{"start":{"line":120,"column":37},"end":{"line":120,"column":38}},"loc":{"start":{"line":120,"column":43},"end":{"line":124,"column":13}},"line":120},"5":{"name":"(anonymous_5)","decl":{"start":{"line":141,"column":26},"end":{"line":141,"column":27}},"loc":{"start":{"line":141,"column":46},"end":{"line":192,"column":1}},"line":141},"6":{"name":"(anonymous_6)","decl":{"start":{"line":181,"column":47},"end":{"line":181,"column":48}},"loc":{"start":{"line":181,"column":62},"end":{"line":187,"column":13}},"line":181},"7":{"name":"(anonymous_7)","decl":{"start":{"line":195,"column":30},"end":{"line":195,"column":31}},"loc":{"start":{"line":195,"column":50},"end":{"line":215,"column":1}},"line":195},"8":{"name":"(anonymous_8)","decl":{"start":{"line":218,"column":34},"end":{"line":218,"column":35}},"loc":{"start":{"line":218,"column":54},"end":{"line":251,"column":1}},"line":218},"9":{"name":"(anonymous_9)","decl":{"start":{"line":230,"column":51},"end":{"line":230,"column":52}},"loc":{"start":{"line":230,"column":63},"end":{"line":239,"column":9}},"line":230},"10":{"name":"(anonymous_10)","decl":{"start":{"line":254,"column":34},"end":{"line":254,"column":35}},"loc":{"start":{"line":254,"column":54},"end":{"line":279,"column":1}},"line":254},"11":{"name":"(anonymous_11)","decl":{"start":{"line":282,"column":33},"end":{"line":282,"column":34}},"loc":{"start":{"line":282,"column":53},"end":{"line":301,"column":1}},"line":282},"12":{"name":"(anonymous_12)","decl":{"start":{"line":304,"column":32},"end":{"line":304,"column":33}},"loc":{"start":{"line":304,"column":52},"end":{"line":336,"column":1}},"line":304},"13":{"name":"(anonymous_13)","decl":{"start":{"line":321,"column":47},"end":{"line":321,"column":48}},"loc":{"start":{"line":321,"column":65},"end":{"line":321,"column":84}},"line":321},"14":{"name":"(anonymous_14)","decl":{"start":{"line":322,"column":52},"end":{"line":322,"column":53}},"loc":{"start":{"line":322,"column":70},"end":{"line":322,"column":94}},"line":322},"15":{"name":"(anonymous_15)","decl":{"start":{"line":323,"column":55},"end":{"line":323,"column":56}},"loc":{"start":{"line":323,"column":66},"end":{"line":323,"column":79}},"line":323},"16":{"name":"(anonymous_16)","decl":{"start":{"line":324,"column":60},"end":{"line":324,"column":61}},"loc":{"start":{"line":324,"column":71},"end":{"line":324,"column":89}},"line":324},"17":{"name":"(anonymous_17)","decl":{"start":{"line":339,"column":30},"end":{"line":339,"column":31}},"loc":{"start":{"line":339,"column":50},"end":{"line":390,"column":1}},"line":339}},"branchMap":{"0":{"loc":{"start":{"line":8,"column":37},"end":{"line":8,"column":108}},"type":"binary-expr","locations":[{"start":{"line":8,"column":37},"end":{"line":8,"column":63}},{"start":{"line":8,"column":67},"end":{"line":8,"column":108}}],"line":8},"1":{"loc":{"start":{"line":15,"column":8},"end":{"line":15,"column":100}},"type":"if","locations":[{"start":{"line":15,"column":8},"end":{"line":15,"column":100}},{"start":{},"end":{}}],"line":15},"2":{"loc":{"start":{"line":16,"column":8},"end":{"line":16,"column":98}},"type":"if","locations":[{"start":{"line":16,"column":8},"end":{"line":16,"column":98}},{"start":{},"end":{}}],"line":16},"3":{"loc":{"start":{"line":19,"column":8},"end":{"line":21,"column":9}},"type":"if","locations":[{"start":{"line":19,"column":8},"end":{"line":21,"column":9}},{"start":{},"end":{}}],"line":19},"4":{"loc":{"start":{"line":23,"column":20},"end":{"line":23,"column":
[...]
45},"end":{"line":99,"column":1}},"line":62},"3":{"name":"(anonymous_3)","decl":{"start":{"line":102,"column":26},"end":{"line":102,"column":27}},"loc":{"start":{"line":102,"column":40},"end":{"line":110,"column":1}},"line":102},"4":{"name":"(anonymous_4)","decl":{"start":{"line":113,"column":30},"end":{"line":113,"column":31}},"loc":{"start":{"line":113,"column":50},"end":{"line":121,"column":1}},"line":113},"5":{"name":"(anonymous_5)","decl":{"start":{"line":124,"column":33},"end":{"line":124,"column":34}},"loc":{"start":{"line":124,"column":53},"end":{"line":149,"column":1}},"line":124},"6":{"name":"(anonymous_6)","decl":{"start":{"line":152,"column":30},"end":{"line":152,"column":31}},"loc":{"start":{"line":152,"column":50},"end":{"line":170,"column":1}},"line":152},"7":{"name":"(anonymous_7)","decl":{"start":{"line":173,"column":34},"end":{"line":173,"column":35}},"loc":{"start":{"line":173,"column":54},"end":{"line":191,"column":1}},"line":173},"8":{"name":"(anonymous_8)","decl":{"start":{"line":194,"column":26},"end":{"line":194,"column":27}},"loc":{"start":{"line":194,"column":46},"end":{"line":204,"column":1}},"line":194},"9":{"name":"(anonymous_9)","decl":{"start":{"line":207,"column":27},"end":{"line":207,"column":28}},"loc":{"start":{"line":207,"column":47},"end":{"line":214,"column":1}},"line":207}},"branchMap":{"0":{"loc":{"start":{"line":21,"column":4},"end":{"line":23,"column":5}},"type":"if","locations":[{"start":{"line":21,"column":4},"end":{"line":23,"column":5}},{"start":{},"end":{}}],"line":21},"1":{"loc":{"start":{"line":21,"column":8},"end":{"line":21,"column":40}},"type":"binary-expr","locations":[{"start":{"line":21,"column":8},"end":{"line":21,"column":17}},{"start":{"line":21,"column":21},"end":{"line":21,"column":27}},{"start":{"line":21,"column":31},"end":{"line":21,"column":40}}],"line":21},"2":{"loc":{"start":{"line":26,"column":4},"end":{"line":29,"column":66}},"type":"if","locations":[{"start":{"line":26,"column":4},"end":{"line":29,"column":66}},{"start":{},"end":{}}],"line":26},"3":{"loc":{"start":{"line":33,"column":4},"end":{"line":35,"column":5}},"type":"if","locations":[{"start":{"line":33,"column":4},"end":{"line":35,"column":5}},{"start":{},"end":{}}],"line":33},"4":{"loc":{"start":{"line":39,"column":4},"end":{"line":55,"column":5}},"type":"if","locations":[{"start":{"line":39,"column":4},"end":{"line":55,"column":5}},{"start":{"line":53,"column":11},"end":{"line":55,"column":5}}],"line":39},"5":{"loc":{"start":{"line":66,"column":4},"end":{"line":95,"column":5}},"type":"if","locations":[{"start":{"line":66,"column":4},"end":{"line":95,"column":5}},{"start":{"line":83,"column":11},"end":{"line":95,"column":5}}],"line":66},"6":{"loc":{"start":{"line":66,"column":8},"end":{"line":66,"column":72}},"type":"binary-expr","locations":[{"start":{"line":66,"column":8},"end":{"line":66,"column":30}},{"start":{"line":66,"column":34},"end":{"line":66,"column":72}}],"line":66},"7":{"loc":{"start":{"line":83,"column":11},"end":{"line":95,"column":5}},"type":"if","locations":[{"start":{"line":83,"column":11},"end":{"line":95,"column":5}},{"start":{"line":93,"column":11},"end":{"line":95,"column":5}}],"line":83},"8":{"loc":{"start":{"line":83,"column":15},"end":{"line":83,"column":70}},"type":"binary-expr","locations":[{"start":{"line":83,"column":15},"end":{"line":83,"column":19}},{"start":{"line":83,"column":24},"end":{"line":83,"column":69}}],"line":83},"9":{"loc":{"start":{"line":116,"column":4},"end":{"line":116,"column":74}},"type":"if","locations":[{"start":{"line":116,"column":4},"end":{"line":116,"column":74}},{"start":{},"end":{}}],"line":116},"10":{"loc":{"start":{"line":129,"column":4},"end":{"line":129,"column":74}},"type":"if","locations":[{"start":{"line":129,"column":4},"end":{"line":129,"column":74}},{"start":{},"end":{}}],"line":129},"11":{"loc":{"start":{"line":131,"column":4},"end":{"line":135,"column":5}},"type":"if","locations":[{"start":{"line":131,"column":4},"end":{"line":135,"column":5}},{"start":{},"end":{}}],"line":131},"12":{"loc":{"start":{"line":131,"column":8},"end":{"line":131,"column":37}},"type":"binary-expr","locations":[{"start":{"line":131,"column":8},"end":{"line":131,"column":13}},{"start":{"line":131,"column":17},"end":{"line":131,"column":37}}],"line":131},"13":{"loc":{"start":{"line":133,"column":6},"end":{"line":134,"column":73}},"type":"if","locations":[{"start":{"line":133,"column":6},"end":{"line":134,"column":73}},{"start":{},"end":{}}],"line":133},"14":{"loc":{"start":{"line":137,"column":20},"end":{"line":137,"column":45}},"type":"binary-expr","locations":[{"start":{"line":137,"column":20},"end":{"line":137,"column":28}},{"start":{"line":137,"column":32},"end":{"line":137,"column":45}}],"line":137},"15":{"loc":{"start":{"line":138,"column":17},"end":{"line":138,"column":36}},"type":"binary-expr","locations":[{"start":{"line":138,"column":17},"end":{"line":138,"column":22}},{"start":{"line":138,"column":26},"end":{"line":138,"column":36}}],"line":138},"16":{"loc":{"start":{"line":157,"column":4},"end":{"line":157,"column":74}},"type":"if","locations":[{"start":{"line":157,"column":4},"end":{"line":157,"column":74}},{"start":{},"end":{}}],"line":157},"17":{"loc":{"start":{"line":160,"column":4},"end":{"line":161,"column":80}},"type":"if","locations":[{"start":{"line":160,"column":4},"end":{"line":161,"column":80}},{"start":{},"end":{}}],"line":160},"18":{"loc":{"start":{"line":185,"column":4},"end":{"line":185,"column":74}},"type":"if","locations":[{"start":{"line":185,"column":4},"end":{"line":185,"column":74}},{"start":{},"end":{}}],"line":185},"19":{"loc":{"start":{"line":197,"column":4},"end":{"line":197,"column":74}},"type":"if","locations":[{"start":{"line":197,"column":4},"end":{"line":197,"column":74}},{"start":{},"end":{}}],"line":197}},"s":{"0":5,"1":5,"2":2,"3":5,"4":5,"5":5,"6":5,"7":1,"8":4,"9":3,"10":1,"11":2,"12":2,"13":1,"14":2,"15":2,"16":2,"17":2,"18":2,"19":0,"20":1,"21":5,"22":4,"23":4,"24":4,"25":3,"26":0,"27":0,"28":0,"29":0,"30":3,"31":0,"32":0,"33":0,"34":3,"35":1,"36":5,"37":1,"38":1,"39":5,"40":3,"41":3,"42":2,"43":1,"44":1,"45":1,"46":5,"47":4,"48":4,"49":4,"50":3,"51":1,"52":2,"53":2,"54":2,"55":1,"56":1,"57":1,"58":1,"59":1,"60":1,"61":5,"62":4,"63":4,"64":4,"65":3,"66":1,"67":2,"68":2,"69":2,"70":0,"71":0,"72":0,"73":1,"74":5,"75":3,"76":3,"77":2,"78":1,"79":1,"80":1,"81":5,"82":3,"83":3,"84":2,"85":1,"86":1,"87":1,"88":1,"89":5,"90":2,"91":2,"92":1,"93":1},"f":{"0":2,"1":5,"2":4,"3":1,"4":3,"5":4,"6":4,"7":3,"8":3,"9":2},"b":{"0":[1,4],"1":[5,5,4],"2":[1,2],"3":[1,1],"4":[2,0],"5":[0,3],"6":[3,0],"7":[0,3],"8":[3,2],"9":[1,1],"10":[1,2],"11":[2,0],"12":[2,2],"13":[1,1],"14":[1,0],"15":[1,0],"16":[1,2],"17":[2,0],"18":[1,1],"19":[1,1]},"inputSourceMap":null,"_coverageSchema":"1a1c01bbd47fc00a2c39e90264f33305004495a9","hash":"c557ec615997dc65ba3337e01c6b129805988d80"}
,"D:\\SOA\\CompetiQuest\\server\\Middleware\\AuthMiddleware.js": {"path":"D:\\SOA\\CompetiQuest\\server\\Middleware\\AuthMiddleware.js","statementMap":{"0":{"start":{"line":5,"column":23},"end":{"line":31,"column":1}},"1":{"start":{"line":9,"column":2},"end":{"line":30,"column":3}},"2":{"start":{"line":10,"column":4},"end":{"line":27,"column":5}},"3":{"start":{"line":11,"column":6},"end":{"line":11,"column":30}},"4":{"start":{"line":14,"column":22},"end":{"line":14,"column":63}},"5":{"start":{"line":17,"column":6},"end":{"line":17,"column":69}},"6":{"start":{"line":19,"column":6},"end":{"line":21,"column":7}},"7":{"start":{"line":20,"column":8},"end":{"line":20,"column":67}},"8":{"start":{"line":23,"column":6},"end":{"line":23,"column":13}},"9":{"start":{"line":25,"column":6},"end":{"line":25,"column":27}},"10":{"start":{"line":26,"column":6},"end":{"line":26,"column":79}},"11":{"start":{"line":29,"column":4},"end":{"line":29,"column":73}},"12":{"start":{"line":33,"column":21},"end":{"line":39,"column":1}},"13":{"start":{"line":34,"column":2},"end":{"line":38,"column":3}},"14":{"start":{"line":35,"column":4},"end":{"line":35,"column":11}},"15":{"start":{"line":37,"column":4},"end":{"line":37,"column":65}}},"fnMap":{"0":{"name":"(anonymous_0)","decl":{"start":{"line":5,"column":23},"end":{"line":5,"column":24}},"loc":{"start":{"line":5,"column":49},"end":{"line":31,"column":1}},"line":5},"1":{"name":"(anonymous_1)","decl":{"start":{"line":33,"column":21},"end":{"line":33,"column":22}},"loc":{"start":{"line":33,"column":41},"end":{"line":39,"column":1}},"line":33}},"branchMap":{"0":{"loc":{"start":{"line":9,"column":2},"end":{"line":30,"column":3}},"type":"if","locations":[{"start":{"line":9,"column":2},"end":{"line":30,"column":3}},{"start":{"line":28,"column":9},"end":{"line":30,"column":3}}],"line":9},"1":{"loc":{"start":{"line":9,"column":6},"end":{"line":9,"column":36}},"type":"binary-expr","locations":[{"start":{"line":9,"column":6},"end":{"line":9,"column":17}},{"start":{"line":9,"column":21},"end":{"line":9,"column":36}}],"line":9},"2":{"loc":{"start":{"line":19,"column":6},"end":{"line":21,"column":7}},"type":"if","locations":[{"start":{"line":19,"column":6},"end":{"line":21,"column":7}},{"start":{},"end":{}}],"line":19},"3":{"loc":{"start":{"line":34,"column":2},"end":{"line":38,"column":3}},"type":"if","locations":[{"start":{"line":34,"column":2},"end":{"line":38,"column":3}},{"start":{"line":36,"column":9},"end":{"line":38,"column":3}}],"line":34},"4":{"loc":{"start":{"line":34,"column":6},"end":{"line":34,"column":43}},"type":"binary-expr","locations":[{"start":{"line":34,"column":6},"end":{"line":34,"column":14}},{"start":{"line":34,"column":18},"end":{"line":34,"column":43}}],"line":34}},"s":{"0":4,"1":0,"2":0,"3":0,"4":0,"5":0,"6":0,"7":0,"8":0,"9":0,"10":0,"11":0,"12":4,"13":0,"14":0,"15":0},"f":{"0":0,"1":0},"b":{"0":[0,0],"1":[0,0],"2":[0,0],"3":[0,0],"4":[0,0]},"inputSourceMap":null,"_coverageSchema":"1a1c01bbd47fc00a2c39e90264f33305004495a9","hash":"070f76ca78fa94db8e39f4b64635ef121f70f090"}
,"D:\\SOA\\CompetiQuest\\server\\Routes\\AdminRoutes.js": {"path":"D:\\SOA\\CompetiQuest\\server\\Routes\\AdminRoutes.js","statementMap":{"0":{"start":{"line":28,"column":15},"end":{"line":28,"column":31}},"1":{"start":{"line":31,"column":0},"end":{"line":31,"column":49}},"2":{"start":{"line":32,"column":0},"end":{"line":32,"column":48}},"3":{"start":{"line":33,"column":0},"end":{"line":33,"column":54}},"4":{"start":{"line":34,"column":0},"end":{"line":34,"column":41}},"5":{"start":{"line":35,"column":0},"end":{"line":35,"column":41}},"6":{"start":{"line":36,"column":0},"end":{"line":36,"column":47}},"7":{"start":{"line":37,"column":0},"end":{"line":37,"column":47}},"8":{"start":{"line":38,"column":0},"end":{"line":38,"column":66}},"9":{"start":{"line":39,"column":0},"end":{"line":39,"column":47}},"10":{"start":{"line":40,"column":0},"end":{"line":40,"column":50}},"11":{"start":{"line":41,"column":0},"end":{"line":41,"column":53}},"12":{"start":{"line":42,"column":0},"end":{"line":42,"column":55}},"13":{"start":{"line":45,"column":0},"end":{"line":45,"column":27}},"14":{"start":{"line":48,"column":0},"end":{"line":48,"column":50}},"15":{"start":{"line":51,"column":0},"end":{"line":51,"column":44}},"16":{"start":{"line":52,"column":0},"end":{"line":52,"column":43}},"17":{"start":{"line":53,"column":0},"end":{"line":53,"column":46}},"18":{"start":{"line":54,"column":0},"end":{"line":54,"column":49}},"19":{"start":{"line":57,"column":0},"end":{"line":57,"column":36}},"20":{"start":{"line":58,"column":0},"end":{"line":58,"column":64}},"21":{"start":{"line":59,"column":0},"end":{"line":59,"column":36}},"22":{"start":{"line":60,"column":0},"end":{"line":60,"column":39}},"23":{"start":{"line":61,"column":0},"end":{"line":61,"column":42}},"24":{"start":{"line":64,"column":0},"end":{"line":64,"column":42}},"25":{"start":{"line":65,"column":0},"end":{"line":65,"column":61}},"26":{"start":{"line":66,"column":0},"end":{"line":66,"column":42}},"27":{"start":{"line":67,"column":0},"end":{"line":67,"column":45}},"28":{"start":{"line":68,"column":0},"end":{"line":68,"column":48}}},"fnMap":{},"branchMap":{},"s":{"0":0,"1":0,"2":0,"3":0,"4":0,"5":0,"6":0,"7":0,"8":0,"9":0,"10":0,"11":0,"12":0,"13":0,"14":0,"15":0,"16":0,"17":0,"18":0,"19":0,"20":0,"21":0,"22":0,"23":0,"24":0,"25":0,"26":0,"27":0,"28":0},"f":{},"b":{},"inputSourceMap":null}
,"D:\\SOA\\CompetiQuest\\server\\Routes\\AuthRoutes.js": {"path":"D:\\SOA\\CompetiQuest\\server\\Routes\\AuthRoutes.js","statementMap":{"0":{"start":{"line":3,"column":15},"end":{"line":3,"column":31}},"1":{"start":{"line":11,"column":0},"end":{"line":11,"column":39}},"2":{"start":{"line":12,"column":0},"end":{"line":12,"column":33}},"3":{"start":{"line":13,"column":0},"end":{"line":13,"column":35}},"4":{"start":{"line":14,"column":0},"end":{"line":16,"column":3}},"5":{"start":{"line":15,"column":2},"end":{"line":15,"column":31}}},"fnMap":{"0":{"name":"(anonymous_0)","decl":{"start":{"line":14,"column":33},"end":{"line":14,"column":34}},"loc":{"start":{"line":14,"column":47},"end":{"line":16,"column":1}},"line":14}},"branchMap":{},"s":{"0":4,"1":4,"2":4,"3":4,"4":4,"5":0},"f":{"0":0},"b":{},"inputSourceMap":null,"_coverageSchema":"1a1c01bbd47fc00a2c39e90264f33305004495a9","hash":"f493ee1af8741a3140407c929b87ed77794ef8a8"}
,"D:\\SOA\\CompetiQuest\\server\\Routes\\CategoryRoutes.js": {"path":"D:\\SOA\\CompetiQuest\\server\\Routes\\CategoryRoutes.js","statementMap":{"0":{"start":{"line":3,"column":15},"end":{"line":3,"column":31}},"1":{"start":{"line":16,"column":0},"end":{"line":16,"column":34}},"2":{"start":{"line":17,"column":0},"end":{"line":17,"column":36}},"3":{"start":{"line":20,"column":0},"end":{"line":20,"column":49}},"4":{"start":{"line":21,"column":0},"end":{"line":21,"column":51}},"5":{"start":{"line":22,"column":0},"end":{"line":22,"column":54}}},"fnMap":{},"branchMap":{},"s":{"0":4,"1":4,"2":4,"3":4,"4":4,"5":4},"f":{},"b":{},"inputSourceMap":null,"_coverageSchema":"1a1c01bbd47fc00a2c39e90264f33305004495a9","hash":"6bced15157d2bf8bed2f3f9a314ce4108a50dacb"}
,"D:\\SOA\\CompetiQuest\\server\\Routes\\CompanyRoutes.js": {"path":"D:\\SOA\\CompetiQuest\\server\\Routes\\CompanyRoutes.js","statementMap":{"0":{"start":{"line":2,"column":15},"end":{"line":2,"column":31}},"1":{"start":{"line":17,"column":0},"end":{"line":17,"column":33}},"2":{"start":{"line":18,"column":0},"end":{"line":18,"column":39}},"3":{"start":{"line":19,"column":0},"end":{"line":19,"column":35}},"4":{"start":{"line":22,"column":0},"end":{"line":22,"column":48}},"5":{"start":{"line":23,"column":0},"end":{"line":23,"column":50}},"6":{"start":{"line":24,"column":0},"end":{"line":24,"column":53}}},"fnMap":{},"branchMap":{},"s":{"0":4,"1":4,"2":4,"3":4,"4":4,"5":4,"6":4},"f":{},"b":{},"inputSourceMap":null,"_coverageSchema":"1a1c01bbd47fc00a2c39e90264f33305004495a9","hash":"6557bef1783f84d8f4a2e1b132a3acae22d0e3c5"}
,"D:\\SOA\\CompetiQuest\\server\\Routes\\QuestionRoutes.js": {"path":"D:\\SOA\\CompetiQuest\\server\\Routes\\QuestionRoutes.js","statementMap":{"0":{"start":{"line":3,"column":15},"end":{"line":3,"column":31}},"1":{"start":{"line":21,"column":0},"end":{"line":21,"column":33}},"2":{"start":{"line":22,"column":0},"end":{"line":22,"column":39}},"3":{"start":{"line":23,"column":0},"end":{"line":23,"column":42}},"4":{"start":{"line":24,"column":0},"end":{"line":24,"column":64}},"5":{"start":{"line":25,"column":0},"end":{"line":25,"column":55}},"6":{"start":{"line":26,"column":0},"end":{"line":26,"column":47}},"7":{"start":{"line":27,"column":0},"end":{"line":27,"column":36}},"8":{"start":{"line":30,"column":0},"end":{"line":30,"column":49}},"9":{"start":{"line":31,"column":0},"end":{"line":31,"column":51}},"10":{"start":{"line":32,"column":0},"end":{"line":32,"column":54}}},"fnMap":{},"branchMap":{},"s":{"0":4,"1":4,"2":4,"3":4,"4":4,"5":4,"6":4,"7":4,"8":4,"9":4,"10":4},"f":{},"b":{},"inputSourceMap":null,"_coverageSchema":"1a1c01bbd47fc00a2c39e90264f33305004495a9","hash":"5e78c4b965d99e82a4a22798c002a56b86b6d745"}
,"D:\\SOA\\CompetiQuest\\server\\Routes\\QuizRoutes.js": {"path":"D:\\SOA\\CompetiQuest\\server\\Routes\\QuizRoutes.js","statementMap":{"0":{"start":{"line":3,"column":15},"end":{"line":3,"column":31}},"1":{"start":{"line":20,"column":0},"end":{"line":20,"column":39}},"2":{"start":{"line":21,"column":0},"end":{"line":21,"column":35}},"3":{"start":{"line":22,"column":0},"end":{"line":22,"column":51}},"4":{"start":{"line":23,"column":0},"end":{"line":23,"column":42}},"5":{"start":{"line":24,"column":0},"end":{"line":24,"column":47}},"6":{"start":{"line":25,"column":0},"end":{"line":25,"column":52}},"7":{"start":{"line":26,"column":0},"end":{"line":26,"column":58}},"8":{"start":{"line":29,"column":0},"end":{"line":29,"column":43}},"9":{"start":{"line":32,"column":0},"end":{"line":32,"column":55}}},"fnMap":{},"branchMap":{},"s":{"0":4,"1":4,"2":4,"3":4,"4":4,"5":4,"6":4,"7":4,"8":4,"9":4},"f":{},"b":{},"inputSourceMap":null,"_coverageSchema":"1a1c01bbd47fc00a2c39e90264f33305004495a9","hash":"7cafc634f74df4f760862c8bb777ac9d5020e023"}
,"D:\\SOA\\CompetiQuest\\server\\Routes\\TestRoutes.js": {"path":"D:\\SOA\\CompetiQuest\\server\\Routes\\TestRoutes.js","statementMap":{"0":{"start":{"line":15,"column":15},"end":{"line":15,"column":31}},"1":{"start":{"line":18,"column":0},"end":{"line":18,"column":44}},"2":{"start":{"line":19,"column":0},"end":{"line":19,"column":43}},"3":{"start":{"line":20,"column":0},"end":{"line":20,"column":49}},"4":{"start":{"line":22,"column":0},"end":{"line":22,"column":36}},"5":{"start":{"line":23,"column":0},"end":{"line":23,"column":36}},"6":{"start":{"line":24,"column":0},"end":{"line":24,"column":42}},"7":{"start":{"line":26,"column":0},"end":{"line":26,"column":42}},"8":{"start":{"line":27,"column":0},"end":{"line":27,"column":42}},"9":{"start":{"line":28,"column":0},"end":{"line":28,"column":48}},"10":{"start":{"line":30,"column":0},"end":{"line":30,"column":50}}},"fnMap":{},"branchMap":{},"s":{"0":0,"1":0,"2":0,"3":0,"4":0,"5":0,"6":0,"7":0,"8":0,"9":0,"10":0},"f":{},"b":{},"inputSourceMap":null}
,"D:\\SOA\\CompetiQuest\\server\\Routes\\TopicRoutes.js": {"path":"D:\\SOA\\CompetiQuest\\server\\Routes\\TopicRoutes.js","statementMap":{"0":{"start":{"line":3,"column":15},"end":{"line":3,"column":31}},"1":{"start":{"line":21,"column":0},"end":{"line":21,"column":30}},"2":{"start":{"line":22,"column":0},"end":{"line":22,"column":36}},"3":{"start":{"line":23,"column":0},"end":{"line":23,"column":40}},"4":{"start":{"line":24,"column":0},"end":{"line":24,"column":50}},"5":{"start":{"line":25,"column":0},"end":{"line":25,"column":33}},"6":{"start":{"line":28,"column":0},"end":{"line":28,"column":46}},"7":{"start":{"line":29,"column":0},"end":{"line":29,"column":48}},"8":{"start":{"line":30,"column":0},"end":{"line":30,"column":51}},"9":{"start":{"line":31,"column":0},"end":{"line":31,"column":64}},"10":{"start":{"line":32,"column":0},"end":{"line":32,"column":71}}},"fnMap":{},"branchMap":{},"s":{"0":4,"1":4,"2":4,"3":4,"4":4,"5":4,"6":4,"7":4,"8":4,"9":4,"10":4},"f":{},"b":{},"inputSourceMap":null,"_coverageSchema":"1a1c01bbd47fc00a2c39e90264f33305004495a9","hash":"3ea0a6ab60b332f8efec476679dd89db11b6b2ab"}
,"D:\\SOA\\CompetiQuest\\server\\Routes\\UserRoutes.js": {"path":"D:\\SOA\\CompetiQuest\\server\\Routes\\UserRoutes.js","statementMap":{"0":{"start":{"line":3,"column":15},"end":{"line":3,"column":31}},"1":{"start":{"line":16,"column":0},"end":{"line":16,"column":48}},"2":{"start":{"line":17,"column":0},"end":{"line":17,"column":51}},"3":{"start":{"line":18,"column":0},"end":{"line":18,"column":56}},"4":{"start":{"line":19,"column":0},"end":{"line":19,"column":57}},"5":{"start":{"line":20,"column":0},"end":{"line":20,"column":46}},"6":{"start":{"line":23,"column":0},"end":{"line":23,"column":48}}},"fnMap":{},"branchMap":{},"s":{"0":4,"1":4,"2":4,"3":4,"4":4,"5":4,"6":4},"f":{},"b":{},"inputSourceMap":null,"_coverageSchema":"1a1c01bbd47fc00a2c39e90264f33305004495a9","hash":"634255c220593bc25c4b78fe7df3b9b6fd629f51"}
}
