TN:
SF:server\Controllers\AdminControllers.js
FN:9,(anonymous_0)
FN:19,(anonymous_1)
FN:38,(anonymous_2)
FN:63,(anonymous_3)
FN:101,(anonymous_4)
FN:113,(anonymous_5)
FN:127,(anonymous_6)
FN:140,(anonymous_7)
FN:161,(anonymous_8)
FN:186,(anonymous_9)
FN:213,(anonymous_10)
FN:242,(anonymous_11)
FN:277,(anonymous_12)
FN:323,(anonymous_13)
FN:362,(anonymous_14)
FN:380,(anonymous_15)
FNF:16
FNH:0
FNDA:0,(anonymous_0)
FNDA:0,(anonymous_1)
FNDA:0,(anonymous_2)
FNDA:0,(anonymous_3)
FNDA:0,(anonymous_4)
FNDA:0,(anonymous_5)
FNDA:0,(anonymous_6)
FNDA:0,(anonymous_7)
FNDA:0,(anonymous_8)
FNDA:0,(anonymous_9)
FNDA:0,(anonymous_10)
FNDA:0,(anonymous_11)
FNDA:0,(anonymous_12)
FNDA:0,(anonymous_13)
FNDA:0,(anonymous_14)
FNDA:0,(anonymous_15)
DA:9,0
DA:10,0
DA:11,0
DA:12,0
DA:14,0
DA:19,0
DA:20,0
DA:21,0
DA:23,0
DA:24,0
DA:27,0
DA:28,0
DA:30,0
DA:31,0
DA:33,0
DA:38,0
DA:39,0
DA:40,0
DA:41,0
DA:43,0
DA:49,0
DA:50,0
DA:53,0
DA:55,0
DA:56,0
DA:58,0
DA:63,0
DA:64,0
DA:65,0
DA:67,0
DA:70,0
DA:71,0
DA:72,0
DA:75,0
DA:78,0
DA:79,0
DA:82,0
DA:83,0
DA:84,0
DA:88,0
DA:89,0
DA:92,0
DA:93,0
DA:95,0
DA:101,0
DA:105,0
DA:106,0
DA:113,0
DA:114,0
DA:115,0
DA:116,0
DA:120,0
DA:122,0
DA:127,0
DA:128,0
DA:129,0
DA:133,0
DA:135,0
DA:140,0
DA:141,0
DA:142,0
DA:144,0
DA:145,0
DA:148,0
DA:149,0
DA:151,0
DA:153,0
DA:154,0
DA:156,0
DA:161,0
DA:162,0
DA:163,0
DA:164,0
DA:166,0
DA:172,0
DA:173,0
DA:176,0
DA:178,0
DA:179,0
DA:181,0
DA:186,0
DA:187,0
DA:188,0
DA:191,0
DA:192,0
DA:193,0
DA:199,0
DA:200,0
DA:201,0
DA:204,0
DA:206,0
DA:213,0
DA:214,0
DA:215,0
DA:216,0
DA:218,0
DA:224,0
DA:226,0
DA:237,0
DA:242,0
DA:243,0
DA:244,0
DA:246,0
DA:259,0
DA:261,0
DA:272,0
DA:277,0
DA:278,0
DA:279,0
DA:281,0
DA:282,0
DA:288,0
DA:289,0
DA:295,0
DA:296,0
DA:302,0
DA:311,0
DA:313,0
DA:315,0
DA:316,0
DA:318,0
DA:323,0
DA:324,0
DA:325,0
DA:326,0
DA:328,0
DA:329,0
DA:335,0
DA:336,0
DA:342,0
DA:348,0
DA:349,0
DA:352,0
DA:354,0
DA:355,0
DA:357,0
DA:362,0
DA:363,0
DA:364,0
DA:366,0
DA:367,0
DA:368,0
DA:371,0
DA:373,0
DA:380,0
DA:381,0
DA:382,0
DA:389,0
DA:390,0
DA:391,0
DA:393,0
DA:408,0
LF:152
LH:0
BRDA:23,0,0,0
BRDA:23,0,1,0
BRDA:30,1,0,0
BRDA:30,1,1,0
BRDA:49,2,0,0
BRDA:49,2,1,0
BRDA:55,3,0,0
BRDA:55,3,1,0
BRDA:71,4,0,0
BRDA:71,4,1,0
BRDA:101,5,0,0
BRDA:101,5,1,0
BRDA:144,6,0,0
BRDA:144,6,1,0
BRDA:144,7,0,0
BRDA:144,7,1,0
BRDA:153,8,0,0
BRDA:153,8,1,0
BRDA:172,9,0,0
BRDA:172,9,1,0
BRDA:178,10,0,0
BRDA:178,10,1,0
BRDA:192,11,0,0
BRDA:192,11,1,0
BRDA:200,12,0,0
BRDA:200,12,1,0
BRDA:216,13,0,0
BRDA:216,14,0,0
BRDA:244,15,0,0
BRDA:244,16,0,0
BRDA:281,17,0,0
BRDA:281,17,1,0
BRDA:281,18,0,0
BRDA:281,18,1,0
BRDA:281,18,2,0
BRDA:281,18,3,0
BRDA:288,19,0,0
BRDA:288,19,1,0
BRDA:288,20,0,0
BRDA:288,20,1,0
BRDA:295,21,0,0
BRDA:295,21,1,0
BRDA:295,22,0,0
BRDA:295,22,1,0
BRDA:315,23,0,0
BRDA:315,23,1,0
BRDA:328,24,0,0
BRDA:328,24,1,0
BRDA:328,25,0,0
BRDA:328,25,1,0
BRDA:328,25,2,0
BRDA:335,26,0,0
BRDA:335,26,1,0
BRDA:335,27,0,0
BRDA:335,27,1,0
BRDA:335,27,2,0
BRDA:335,27,3,0
BRDA:348,28,0,0
BRDA:348,28,1,0
BRDA:354,29,0,0
BRDA:354,29,1,0
BRDA:367,30,0,0
BRDA:367,30,1,0
BRF:63
BRH:0
end_of_record
TN:
SF:server\Controllers\CategoryControllers.js
FN:5,(anonymous_0)
FN:24,(anonymous_1)
FN:34,(anonymous_2)
FN:49,(anonymous_3)
FN:76,(anonymous_4)
FN:90,(anonymous_5)
FN:116,(anonymous_6)
FN:123,(anonymous_7)
FNF:8
FNH:8
FNDA:4,(anonymous_0)
FNDA:2,(anonymous_1)
FNDA:3,(anonymous_2)
FNDA:4,(anonymous_3)
FNDA:3,(anonymous_4)
FNDA:5,(anonymous_5)
FNDA:3,(anonymous_6)
FNDA:2,(anonymous_7)
DA:5,5
DA:6,4
DA:7,4
DA:9,4
DA:10,1
DA:12,3
DA:13,2
DA:14,1
DA:16,1
DA:17,1
DA:19,1
DA:24,5
DA:25,2
DA:26,2
DA:27,1
DA:29,1
DA:34,5
DA:35,3
DA:36,3
DA:40,2
DA:41,1
DA:42,1
DA:44,1
DA:49,5
DA:50,4
DA:51,4
DA:52,4
DA:53,3
DA:54,1
DA:56,2
DA:57,2
DA:58,2
DA:59,1
DA:64,1
DA:65,1
DA:68,1
DA:69,1
DA:71,1
DA:76,5
DA:77,3
DA:78,3
DA:79,2
DA:80,1
DA:82,1
DA:83,1
DA:85,1
DA:90,5
DA:91,5
DA:92,5
DA:93,5
DA:94,4
DA:95,1
DA:97,3
DA:98,3
DA:100,2
DA:101,1
DA:106,1
DA:107,1
DA:109,1
DA:111,1
DA:116,5
DA:117,3
DA:118,3
DA:119,3
DA:120,2
DA:121,1
DA:123,2
DA:124,1
DA:126,1
DA:128,1
LF:70
LH:70
BRDA:9,0,0,1
BRDA:9,0,1,3
BRDA:13,1,0,1
BRDA:13,1,1,1
BRDA:40,2,0,1
BRDA:40,2,1,1
BRDA:53,3,0,1
BRDA:53,3,1,2
BRDA:56,4,0,2
BRDA:56,4,1,0
BRDA:56,5,0,2
BRDA:56,5,1,2
BRDA:58,6,0,1
BRDA:58,6,1,1
BRDA:64,7,0,1
BRDA:64,7,1,0
BRDA:66,8,0,1
BRDA:66,8,1,0
BRDA:79,9,0,1
BRDA:79,9,1,1
BRDA:94,10,0,1
BRDA:94,10,1,3
BRDA:98,11,0,1
BRDA:98,11,1,2
BRDA:100,12,0,1
BRDA:100,12,1,1
BRDA:120,13,0,1
BRDA:120,13,1,1
BRF:28
BRH:25
end_of_record
TN:
SF:server\Controllers\CompanyControllers.js
FN:3,(anonymous_0)
FN:28,(anonymous_1)
FN:61,(anonymous_2)
FN:75,(anonymous_3)
FN:103,(anonymous_4)
FN:118,(anonymous_5)
FNF:6
FNH:0
FNDA:0,(anonymous_0)
FNDA:0,(anonymous_1)
FNDA:0,(anonymous_2)
FNDA:0,(anonymous_3)
FNDA:0,(anonymous_4)
FNDA:0,(anonymous_5)
DA:3,4
DA:4,0
DA:5,0
DA:7,0
DA:8,0
DA:11,0
DA:12,0
DA:13,0
DA:16,0
DA:22,0
DA:24,0
DA:28,4
DA:29,0
DA:30,0
DA:32,0
DA:34,0
DA:35,0
DA:43,0
DA:48,0
DA:50,0
DA:57,0
DA:61,4
DA:62,0
DA:63,0
DA:65,0
DA:66,0
DA:69,0
DA:71,0
DA:75,4
DA:76,0
DA:77,0
DA:78,0
DA:80,0
DA:81,0
DA:84,0
DA:85,0
DA:86,0
DA:87,0
DA:91,0
DA:92,0
DA:93,0
DA:95,0
DA:97,0
DA:99,0
DA:103,4
DA:104,0
DA:105,0
DA:107,0
DA:108,0
DA:111,0
DA:112,0
DA:114,0
DA:118,4
DA:119,0
DA:120,0
DA:122,0
DA:123,0
DA:126,0
DA:130,0
DA:132,0
LF:60
LH:6
BRDA:7,0,0,0
BRDA:7,0,1,0
BRDA:12,1,0,0
BRDA:12,1,1,0
BRDA:30,2,0,0
BRDA:30,3,0,0
BRDA:34,4,0,0
BRDA:34,4,1,0
BRDA:65,5,0,0
BRDA:65,5,1,0
BRDA:80,6,0,0
BRDA:80,6,1,0
BRDA:84,7,0,0
BRDA:84,7,1,0
BRDA:84,8,0,0
BRDA:84,8,1,0
BRDA:86,9,0,0
BRDA:86,9,1,0
BRDA:91,10,0,0
BRDA:91,10,1,0
BRDA:92,11,0,0
BRDA:92,11,1,0
BRDA:93,12,0,0
BRDA:93,12,1,0
BRDA:107,13,0,0
BRDA:107,13,1,0
BRDA:122,14,0,0
BRDA:122,14,1,0
BRF:28
BRH:0
end_of_record
TN:
SF:server\Controllers\QuestionControllers.js
FN:5,(anonymous_0)
FN:79,(anonymous_1)
FN:118,(anonymous_2)
FN:181,(anonymous_3)
FN:227,(anonymous_4)
FN:283,(anonymous_5)
FN:297,(anonymous_6)
FN:325,(anonymous_7)
FN:349,(anonymous_8)
FN:369,(anonymous_9)
FNF:10
FNH:10
FNDA:8,(anonymous_0)
FNDA:3,(anonymous_1)
FNDA:3,(anonymous_2)
FNDA:4,(anonymous_3)
FNDA:3,(anonymous_4)
FNDA:3,(anonymous_5)
FNDA:3,(anonymous_6)
FNDA:2,(anonymous_7)
FNDA:3,(anonymous_8)
FNDA:2,(anonymous_9)
DA:5,5
DA:6,8
DA:15,8
DA:18,8
DA:24,1
DA:31,7
DA:32,1
DA:37,6
DA:38,1
DA:45,5
DA:46,3
DA:47,1
DA:51,2
DA:52,2
DA:53,1
DA:59,1
DA:68,1
DA:71,2
DA:72,1
DA:74,1
DA:79,5
DA:80,3
DA:89,3
DA:90,3
DA:92,3
DA:93,3
DA:94,3
DA:96,3
DA:97,3
DA:99,3
DA:104,2
DA:106,2
DA:113,1
DA:118,5
DA:119,3
DA:120,3
DA:121,2
DA:122,1
DA:123,1
DA:125,1
DA:181,5
DA:182,4
DA:183,4
DA:184,4
DA:185,4
DA:188,4
DA:189,2
DA:190,1
DA:194,1
DA:196,1
DA:206,1
DA:218,2
DA:219,1
DA:221,1
DA:222,1
DA:227,5
DA:228,3
DA:235,3
DA:236,3
DA:237,2
DA:238,1
DA:240,1
DA:241,0
DA:246,1
DA:247,1
DA:248,1
DA:252,0
DA:258,1
DA:259,0
DA:260,0
DA:261,0
DA:266,0
DA:267,0
DA:268,0
DA:272,0
DA:273,0
DA:275,0
DA:276,0
DA:278,2
DA:283,5
DA:284,3
DA:285,3
DA:286,2
DA:287,1
DA:289,1
DA:290,1
DA:292,1
DA:297,5
DA:298,3
DA:299,3
DA:300,3
DA:302,3
DA:303,1
DA:306,2
DA:311,1
DA:313,1
DA:320,1
DA:325,5
DA:326,2
DA:327,2
DA:328,2
DA:330,2
DA:335,1
DA:337,1
DA:344,1
DA:349,5
DA:350,3
DA:351,3
DA:352,3
DA:353,1
DA:355,2
DA:362,1
DA:364,1
DA:369,5
DA:370,2
DA:371,2
DA:372,2
DA:374,2
DA:375,2
DA:377,2
DA:382,1
DA:384,1
LF:122
LH:110
BRDA:18,0,0,1
BRDA:18,0,1,7
BRDA:19,1,0,8
BRDA:19,1,1,8
BRDA:19,1,2,7
BRDA:19,1,3,7
BRDA:31,2,0,1
BRDA:31,2,1,6
BRDA:31,3,0,7
BRDA:31,3,1,7
BRDA:31,3,2,6
BRDA:37,4,0,1
BRDA:37,4,1,5
BRDA:37,5,0,6
BRDA:37,5,1,6
BRDA:46,6,0,1
BRDA:46,6,1,2
BRDA:52,7,0,1
BRDA:52,7,1,1
BRDA:63,8,0,1
BRDA:63,8,1,0
BRDA:65,9,0,1
BRDA:65,9,1,0
BRDA:71,10,0,1
BRDA:71,10,1,1
BRDA:82,11,0,1
BRDA:83,12,0,1
BRDA:87,13,0,3
BRDA:88,14,0,3
BRDA:92,15,0,0
BRDA:92,15,1,3
BRDA:93,16,0,1
BRDA:93,16,1,2
BRDA:94,17,0,0
BRDA:94,17,1,3
BRDA:97,18,0,3
BRDA:97,18,1,0
BRDA:121,19,0,1
BRDA:121,19,1,1
BRDA:184,20,0,4
BRDA:184,20,1,3
BRDA:185,21,0,4
BRDA:185,21,1,3
BRDA:189,22,0,1
BRDA:189,22,1,1
BRDA:210,23,0,1
BRDA:210,23,1,0
BRDA:218,24,0,1
BRDA:218,24,1,1
BRDA:237,25,0,1
BRDA:237,25,1,1
BRDA:240,26,0,0
BRDA:240,26,1,1
BRDA:240,27,0,1
BRDA:240,27,1,1
BRDA:246,28,0,1
BRDA:246,28,1,0
BRDA:247,29,0,1
BRDA:247,29,1,0
BRDA:248,30,0,0
BRDA:248,30,1,1
BRDA:249,31,0,1
BRDA:249,31,1,1
BRDA:258,32,0,0
BRDA:258,32,1,0
BRDA:258,33,0,1
BRDA:258,33,1,0
BRDA:260,34,0,0
BRDA:260,34,1,0
BRDA:266,35,0,0
BRDA:266,35,1,0
BRDA:267,36,0,0
BRDA:267,36,1,0
BRDA:269,37,0,0
BRDA:269,37,1,0
BRDA:272,38,0,0
BRDA:272,38,1,0
BRDA:273,39,0,0
BRDA:273,39,1,0
BRDA:286,40,0,1
BRDA:286,40,1,1
BRDA:300,41,0,2
BRDA:300,42,0,2
BRDA:302,43,0,1
BRDA:302,43,1,2
BRDA:328,44,0,1
BRDA:328,45,0,1
BRDA:352,46,0,1
BRDA:352,46,1,2
BRDA:371,47,0,0
BRDA:374,48,0,1
BRDA:374,48,1,1
BRDA:375,49,0,0
BRDA:375,49,1,2
BRF:94
BRH:67
end_of_record
TN:
SF:server\Controllers\QuizControllers.js
FN:11,(anonymous_0)
FN:54,(anonymous_1)
FN:69,(anonymous_2)
FN:91,(anonymous_3)
FN:120,(anonymous_4)
FN:141,(anonymous_5)
FN:181,(anonymous_6)
FN:195,(anonymous_7)
FN:218,(anonymous_8)
FN:230,(anonymous_9)
FN:254,(anonymous_10)
FN:282,(anonymous_11)
FN:304,(anonymous_12)
FN:321,(anonymous_13)
FN:322,(anonymous_14)
FN:323,(anonymous_15)
FN:324,(anonymous_16)
FN:339,(anonymous_17)
FNF:18
FNH:14
FNDA:0,(anonymous_0)
FNDA:0,(anonymous_1)
FNDA:0,(anonymous_2)
FNDA:4,(anonymous_3)
FNDA:2,(anonymous_4)
FNDA:5,(anonymous_5)
FNDA:0,(anonymous_6)
FNDA:4,(anonymous_7)
FNDA:2,(anonymous_8)
FNDA:1,(anonymous_9)
FNDA:3,(anonymous_10)
FNDA:4,(anonymous_11)
FNDA:3,(anonymous_12)
FNDA:3,(anonymous_13)
FNDA:3,(anonymous_14)
FNDA:3,(anonymous_15)
FNDA:3,(anonymous_16)
FNDA:3,(anonymous_17)
DA:8,5
DA:11,5
DA:12,0
DA:13,0
DA:15,0
DA:16,0
DA:19,0
DA:20,0
DA:23,0
DA:24,0
DA:25,0
DA:27,0
DA:29,0
DA:31,0
DA:43,0
DA:44,0
DA:45,0
DA:47,0
DA:48,0
DA:51,0
DA:54,0
DA:69,0
DA:75,0
DA:82,0
DA:91,5
DA:92,4
DA:93,4
DA:94,4
DA:96,4
DA:97,3
DA:99,2
DA:100,2
DA:101,2
DA:103,2
DA:113,2
DA:114,1
DA:117,1
DA:120,2
DA:129,1
DA:136,1
DA:141,5
DA:142,5
DA:143,5
DA:145,5
DA:146,5
DA:148,5
DA:149,0
DA:152,5
DA:153,5
DA:156,0
DA:157,0
DA:158,0
DA:160,0
DA:162,0
DA:163,0
DA:165,0
DA:169,0
DA:170,0
DA:171,0
DA:172,0
DA:173,0
DA:176,0
DA:181,0
DA:190,5
DA:195,5
DA:196,4
DA:197,4
DA:198,4
DA:200,4
DA:205,3
DA:207,2
DA:208,1
DA:211,1
DA:213,1
DA:218,5
DA:219,2
DA:220,2
DA:221,2
DA:223,2
DA:228,1
DA:230,1
DA:241,0
DA:249,2
DA:254,5
DA:255,3
DA:256,3
DA:257,3
DA:258,3
DA:259,3
DA:261,3
DA:268,2
DA:270,2
DA:277,1
DA:282,5
DA:283,4
DA:284,4
DA:285,4
DA:287,4
DA:288,3
DA:290,2
DA:291,1
DA:294,1
DA:295,1
DA:297,1
DA:299,1
DA:304,5
DA:305,3
DA:306,3
DA:308,3
DA:310,2
DA:311,1
DA:320,1
DA:321,3
DA:322,3
DA:323,3
DA:324,3
DA:326,1
DA:334,1
DA:339,5
DA:340,3
DA:341,3
DA:342,3
DA:344,3
DA:345,1
DA:348,3
DA:386,2
DA:388,1
LF:127
LH:89
BRDA:8,0,0,5
BRDA:8,0,1,5
BRDA:15,1,0,0
BRDA:15,1,1,0
BRDA:16,2,0,0
BRDA:16,2,1,0
BRDA:19,3,0,0
BRDA:19,3,1,0
BRDA:23,4,0,0
BRDA:23,4,1,0
BRDA:24,5,0,0
BRDA:24,5,1,0
BRDA:25,6,0,0
BRDA:25,6,1,0
BRDA:27,7,0,0
BRDA:27,7,1,0
BRDA:93,8,0,2
BRDA:97,9,0,1
BRDA:97,9,1,2
BRDA:100,10,0,1
BRDA:100,10,1,1
BRDA:101,11,0,0
BRDA:101,11,1,2
BRDA:101,12,0,2
BRDA:101,12,1,0
BRDA:113,13,0,1
BRDA:113,13,1,1
BRDA:146,14,0,0
BRDA:146,14,1,5
BRDA:148,15,0,0
BRDA:148,15,1,5
BRDA:165,16,0,0
BRDA:165,16,1,0
BRDA:205,17,0,1
BRDA:205,17,1,2
BRDA:207,18,0,1
BRDA:207,18,1,1
BRDA:207,19,0,2
BRDA:207,19,1,1
BRDA:221,20,0,1
BRDA:221,21,0,1
BRDA:232,22,0,1
BRDA:232,22,1,0
BRDA:256,23,0,1
BRDA:256,24,0,1
BRDA:258,25,0,1
BRDA:258,25,1,2
BRDA:259,26,0,1
BRDA:259,26,1,2
BRDA:288,27,0,1
BRDA:288,27,1,2
BRDA:290,28,0,1
BRDA:290,28,1,1
BRDA:290,29,0,2
BRDA:290,29,1,1
BRDA:310,30,0,1
BRDA:310,30,1,1
BRDA:341,31,0,0
BRDA:344,32,0,1
BRDA:344,32,1,2
BRF:60
BRH:38
end_of_record
TN:
SF:server\Controllers\QuizControllersWorking.js
FN:2,(anonymous_0)
FNF:1
FNH:0
FNDA:0,(anonymous_0)
DA:2,0
DA:3,0
DA:4,0
DA:7,0
DA:28,0
DA:30,0
DA:37,0
LF:7
LH:0
BRF:0
BRH:0
end_of_record
TN:
SF:server\Controllers\TopicControllers.js
FN:4,(anonymous_0)
FN:34,(anonymous_1)
FN:61,(anonymous_2)
FN:73,(anonymous_3)
FN:99,(anonymous_4)
FN:127,(anonymous_5)
FN:140,(anonymous_6)
FN:162,(anonymous_7)
FN:171,(anonymous_8)
FN:180,(anonymous_9)
FN:183,(anonymous_10)
FN:191,(anonymous_11)
FNF:12
FNH:12
FNDA:5,(anonymous_0)
FNDA:4,(anonymous_1)
FNDA:3,(anonymous_2)
FNDA:5,(anonymous_3)
FNDA:4,(anonymous_4)
FNDA:3,(anonymous_5)
FNDA:5,(anonymous_6)
FNDA:4,(anonymous_7)
FNDA:2,(anonymous_8)
FNDA:2,(anonymous_9)
FNDA:3,(anonymous_10)
FNDA:3,(anonymous_11)
DA:4,5
DA:5,5
DA:6,5
DA:8,5
DA:9,1
DA:10,4
DA:11,1
DA:14,3
DA:15,2
DA:16,1
DA:20,1
DA:27,1
DA:29,1
DA:34,5
DA:35,4
DA:36,4
DA:37,4
DA:39,4
DA:40,4
DA:42,4
DA:47,3
DA:49,3
DA:56,1
DA:61,5
DA:62,3
DA:63,3
DA:64,2
DA:65,1
DA:67,1
DA:73,5
DA:74,5
DA:75,5
DA:77,5
DA:78,1
DA:83,4
DA:88,2
DA:91,2
DA:92,1
DA:94,1
DA:99,5
DA:100,4
DA:101,4
DA:102,4
DA:104,3
DA:106,2
DA:107,2
DA:108,2
DA:109,1
DA:114,1
DA:115,1
DA:117,1
DA:119,1
DA:120,1
DA:122,1
DA:127,5
DA:128,3
DA:129,3
DA:130,2
DA:132,1
DA:133,1
DA:135,1
DA:140,5
DA:141,5
DA:142,5
DA:143,5
DA:144,4
DA:146,3
DA:147,1
DA:148,2
DA:149,1
DA:153,1
DA:154,1
DA:155,1
DA:157,1
DA:162,5
DA:163,4
DA:164,4
DA:165,4
DA:166,3
DA:168,2
DA:169,1
DA:171,2
DA:172,1
DA:173,1
DA:175,1
DA:180,5
DA:181,2
DA:182,2
DA:183,3
DA:184,1
DA:186,1
DA:191,5
DA:192,3
DA:193,3
DA:194,3
DA:195,1
DA:197,2
DA:205,1
DA:207,1
LF:99
LH:99
BRDA:8,0,0,1
BRDA:8,0,1,4
BRDA:10,1,0,1
BRDA:10,1,1,3
BRDA:15,2,0,1
BRDA:15,2,1,1
BRDA:23,3,0,1
BRDA:23,3,1,0
BRDA:36,4,0,1
BRDA:36,5,0,1
BRDA:39,6,0,1
BRDA:39,6,1,3
BRDA:40,7,0,1
BRDA:40,7,1,3
BRDA:64,8,0,1
BRDA:64,8,1,1
BRDA:77,9,0,1
BRDA:77,9,1,4
BRDA:91,10,0,1
BRDA:91,10,1,1
BRDA:104,11,0,1
BRDA:104,11,1,2
BRDA:106,12,0,2
BRDA:106,12,1,0
BRDA:106,13,0,2
BRDA:106,13,1,2
BRDA:108,14,0,1
BRDA:108,14,1,1
BRDA:114,15,0,1
BRDA:114,15,1,0
BRDA:116,16,0,1
BRDA:116,16,1,0
BRDA:117,17,0,1
BRDA:117,17,1,0
BRDA:130,18,0,1
BRDA:130,18,1,1
BRDA:144,19,0,1
BRDA:144,19,1,3
BRDA:146,20,0,1
BRDA:146,20,1,2
BRDA:148,21,0,1
BRDA:148,21,1,1
BRDA:166,22,0,1
BRDA:166,22,1,2
BRDA:168,23,0,1
BRDA:168,23,1,1
BRDA:194,24,0,1
BRDA:194,24,1,2
BRF:48
BRH:43
end_of_record
TN:
SF:server\Controllers\UserControllers.js
FN:12,(anonymous_0)
FN:17,(anonymous_1)
FN:62,(anonymous_2)
FN:102,(anonymous_3)
FN:113,(anonymous_4)
FN:124,(anonymous_5)
FN:152,(anonymous_6)
FN:173,(anonymous_7)
FN:194,(anonymous_8)
FN:207,(anonymous_9)
FNF:10
FNH:10
FNDA:2,(anonymous_0)
FNDA:5,(anonymous_1)
FNDA:4,(anonymous_2)
FNDA:1,(anonymous_3)
FNDA:3,(anonymous_4)
FNDA:4,(anonymous_5)
FNDA:4,(anonymous_6)
FNDA:3,(anonymous_7)
FNDA:3,(anonymous_8)
FNDA:2,(anonymous_9)
DA:5,5
DA:12,5
DA:13,2
DA:17,5
DA:18,5
DA:19,5
DA:21,5
DA:22,1
DA:24,4
DA:26,3
DA:27,1
DA:32,2
DA:33,2
DA:34,1
DA:37,2
DA:39,2
DA:41,2
DA:44,2
DA:47,2
DA:54,0
DA:57,1
DA:62,5
DA:63,4
DA:64,4
DA:65,4
DA:66,3
DA:67,0
DA:74,0
DA:75,0
DA:77,0
DA:83,3
DA:84,0
DA:85,0
DA:87,0
DA:94,3
DA:97,1
DA:102,5
DA:103,1
DA:109,1
DA:113,5
DA:114,3
DA:115,3
DA:116,2
DA:117,1
DA:119,1
DA:124,5
DA:125,4
DA:126,4
DA:127,4
DA:129,3
DA:131,2
DA:132,2
DA:133,2
DA:134,1
DA:137,1
DA:138,1
DA:140,1
DA:141,1
DA:147,1
DA:152,5
DA:153,4
DA:154,4
DA:155,4
DA:157,3
DA:159,2
DA:160,2
DA:161,2
DA:163,0
DA:164,0
DA:166,0
DA:168,1
DA:173,5
DA:174,3
DA:175,3
DA:185,2
DA:187,1
DA:189,1
DA:194,5
DA:195,3
DA:196,3
DA:197,2
DA:199,1
DA:200,1
DA:202,1
DA:207,5
DA:208,2
DA:209,2
DA:210,1
DA:212,1
LF:89
LH:78
BRDA:21,0,0,1
BRDA:21,0,1,4
BRDA:21,1,0,5
BRDA:21,1,1,5
BRDA:21,1,2,4
BRDA:26,2,0,1
BRDA:26,2,1,2
BRDA:33,3,0,1
BRDA:33,3,1,1
BRDA:39,4,0,2
BRDA:39,4,1,0
BRDA:66,5,0,0
BRDA:66,5,1,3
BRDA:66,6,0,3
BRDA:66,6,1,0
BRDA:83,7,0,0
BRDA:83,7,1,3
BRDA:83,8,0,3
BRDA:83,8,1,2
BRDA:116,9,0,1
BRDA:116,9,1,1
BRDA:129,10,0,1
BRDA:129,10,1,2
BRDA:131,11,0,2
BRDA:131,11,1,0
BRDA:131,12,0,2
BRDA:131,12,1,2
BRDA:133,13,0,1
BRDA:133,13,1,1
BRDA:137,14,0,1
BRDA:137,14,1,0
BRDA:138,15,0,1
BRDA:138,15,1,0
BRDA:157,16,0,1
BRDA:157,16,1,2
BRDA:160,17,0,2
BRDA:160,17,1,0
BRDA:185,18,0,1
BRDA:185,18,1,1
BRDA:197,19,0,1
BRDA:197,19,1,1
BRF:41
BRH:33
end_of_record
TN:
SF:server\Middleware\AuthMiddleware.js
FN:5,(anonymous_0)
FN:33,(anonymous_1)
FNF:2
FNH:0
FNDA:0,(anonymous_0)
FNDA:0,(anonymous_1)
DA:5,4
DA:9,0
DA:10,0
DA:11,0
DA:14,0
DA:17,0
DA:19,0
DA:20,0
DA:23,0
DA:25,0
DA:26,0
DA:29,0
DA:33,4
DA:34,0
DA:35,0
DA:37,0
LF:16
LH:2
BRDA:9,0,0,0
BRDA:9,0,1,0
BRDA:9,1,0,0
BRDA:9,1,1,0
BRDA:19,2,0,0
BRDA:19,2,1,0
BRDA:34,3,0,0
BRDA:34,3,1,0
BRDA:34,4,0,0
BRDA:34,4,1,0
BRF:10
BRH:0
end_of_record
TN:
SF:server\Routes\AdminRoutes.js
FNF:0
FNH:0
DA:28,0
DA:31,0
DA:32,0
DA:33,0
DA:34,0
DA:35,0
DA:36,0
DA:37,0
DA:38,0
DA:39,0
DA:40,0
DA:41,0
DA:42,0
DA:45,0
DA:48,0
DA:51,0
DA:52,0
DA:53,0
DA:54,0
DA:57,0
DA:58,0
DA:59,0
DA:60,0
DA:61,0
DA:64,0
DA:65,0
DA:66,0
DA:67,0
DA:68,0
LF:29
LH:0
BRF:0
BRH:0
end_of_record
TN:
SF:server\Routes\AuthRoutes.js
FN:14,(anonymous_0)
FNF:1
FNH:0
FNDA:0,(anonymous_0)
DA:3,4
DA:11,4
DA:12,4
DA:13,4
DA:14,4
DA:15,0
LF:6
LH:5
BRF:0
BRH:0
end_of_record
TN:
SF:server\Routes\CategoryRoutes.js
FNF:0
FNH:0
DA:3,4
DA:16,4
DA:17,4
DA:20,4
DA:21,4
DA:22,4
LF:6
LH:6
BRF:0
BRH:0
end_of_record
TN:
SF:server\Routes\CompanyRoutes.js
FNF:0
FNH:0
DA:2,4
DA:17,4
DA:18,4
DA:19,4
DA:22,4
DA:23,4
DA:24,4
LF:7
LH:7
BRF:0
BRH:0
end_of_record
TN:
SF:server\Routes\QuestionRoutes.js
FNF:0
FNH:0
DA:3,4
DA:21,4
DA:22,4
DA:23,4
DA:24,4
DA:25,4
DA:26,4
DA:27,4
DA:30,4
DA:31,4
DA:32,4
LF:11
LH:11
BRF:0
BRH:0
end_of_record
TN:
SF:server\Routes\QuizRoutes.js
FNF:0
FNH:0
DA:3,4
DA:20,4
DA:21,4
DA:22,4
DA:23,4
DA:24,4
DA:25,4
DA:26,4
DA:29,4
DA:32,4
LF:10
LH:10
BRF:0
BRH:0
end_of_record
TN:
SF:server\Routes\TestRoutes.js
FNF:0
FNH:0
DA:15,0
DA:18,0
DA:19,0
DA:20,0
DA:22,0
DA:23,0
DA:24,0
DA:26,0
DA:27,0
DA:28,0
DA:30,0
LF:11
LH:0
BRF:0
BRH:0
end_of_record
TN:
SF:server\Routes\TopicRoutes.js
FNF:0
FNH:0
DA:3,4
DA:21,4
DA:22,4
DA:23,4
DA:24,4
DA:25,4
DA:28,4
DA:29,4
DA:30,4
DA:31,4
DA:32,4
LF:11
LH:11
BRF:0
BRH:0
end_of_record
TN:
SF:server\Routes\UserRoutes.js
FNF:0
FNH:0
DA:3,4
DA:16,4
DA:17,4
DA:18,4
DA:19,4
DA:20,4
DA:23,4
LF:7
LH:7
BRF:0
BRH:0
end_of_record
